Using pre-set license
Built from 'HEAD' branch; Version is '2021.3.16f1c1 (56dbfdd6697f) revision 5692413'; Using compiler version '192829333'; Build Type 'Release'
OS: 'Windows 10  (10.0.19045) 64bit CoreCountrySpecific' Language: 'zh' Physical Memory: 16222 MB
BatchMode: 1, IsHumanControllingUs: 0, StartBugReporterOnCrash: 0, Is64bit: 1, IsPro: 1

COMMAND LINE ARGUMENTS:
E:\UnityEditor\2021.3.16f1c1\Editor\Unity.exe
-adb2
-batchMode
-noUpm
-name
AssetImportWorker7
-projectPath
E:/UnityProject/FSMTest
-logFile
Logs/AssetImportWorker7.log
-srvPort
1908
Successfully changed project path to: E:/UnityProject/FSMTest
E:/UnityProject/FSMTest
[UnityMemory] Configuration Parameters - Can be set up in boot.config
    "memorysetup-bucket-allocator-granularity=16"
    "memorysetup-bucket-allocator-bucket-count=8"
    "memorysetup-bucket-allocator-block-size=33554432"
    "memorysetup-bucket-allocator-block-count=8"
    "memorysetup-main-allocator-block-size=16777216"
    "memorysetup-thread-allocator-block-size=16777216"
    "memorysetup-gfx-main-allocator-block-size=16777216"
    "memorysetup-gfx-thread-allocator-block-size=16777216"
    "memorysetup-cache-allocator-block-size=4194304"
    "memorysetup-typetree-allocator-block-size=2097152"
    "memorysetup-profiler-bucket-allocator-granularity=16"
    "memorysetup-profiler-bucket-allocator-bucket-count=8"
    "memorysetup-profiler-bucket-allocator-block-size=33554432"
    "memorysetup-profiler-bucket-allocator-block-count=8"
    "memorysetup-profiler-allocator-block-size=16777216"
    "memorysetup-profiler-editor-allocator-block-size=1048576"
    "memorysetup-temp-allocator-size-main=16777216"
    "memorysetup-job-temp-allocator-block-size=2097152"
    "memorysetup-job-temp-allocator-block-size-background=1048576"
    "memorysetup-job-temp-allocator-reduction-small-platforms=262144"
    "memorysetup-temp-allocator-size-background-worker=32768"
    "memorysetup-temp-allocator-size-job-worker=262144"
    "memorysetup-temp-allocator-size-preload-manager=33554432"
    "memorysetup-temp-allocator-size-nav-mesh-worker=65536"
    "memorysetup-temp-allocator-size-audio-worker=65536"
    "memorysetup-temp-allocator-size-cloud-worker=32768"
    "memorysetup-temp-allocator-size-gi-baking-worker=262144"
    "memorysetup-temp-allocator-size-gfx=262144"
Player connection [21328] Host "[IP] 192.168.244.1 [Port] 0 [Flags] 2 [Guid] 973213322 [EditorId] 973213322 [Version] 1048832 [Id] WindowsEditor(7,LAPTOP-3QKKJTNN) [Debug] 1 [PackageName] WindowsEditor [ProjectName] Editor" joined multi-casting on [225.0.0.222:54997]...

Player connection [21328] Host "[IP] 192.168.244.1 [Port] 0 [Flags] 2 [Guid] 973213322 [EditorId] 973213322 [Version] 1048832 [Id] WindowsEditor(7,LAPTOP-3QKKJTNN) [Debug] 1 [PackageName] WindowsEditor [ProjectName] Editor" joined alternative multi-casting on [225.0.0.222:34997]...

AS: AutoStreaming module initializing.
Refreshing native plugins compatible for Editor in 189.45 ms, found 4 plugins.
Preloading 0 native plugins for Editor in 0.00 ms.
Initialize engine version: 2021.3.16f1c1 (56dbfdd6697f)
[Subsystems] Discovering subsystems at path E:/UnityEditor/2021.3.16f1c1/Editor/Data/Resources/UnitySubsystems
[Subsystems] Discovering subsystems at path E:/UnityProject/FSMTest/Assets
GfxDevice: creating device client; threaded=0; jobified=0
Direct3D:
    Version:  Direct3D 11.0 [level 11.1]
    Renderer: NVIDIA GeForce RTX 2070 (ID=0x1f14)
    Vendor:   NVIDIA
    VRAM:     8019 MB
    Driver:   31.0.15.3734
Initialize mono
Mono path[0] = 'E:/UnityEditor/2021.3.16f1c1/Editor/Data/Managed'
Mono path[1] = 'E:/UnityEditor/2021.3.16f1c1/Editor/Data/MonoBleedingEdge/lib/mono/unityjit-win32'
Mono config path = 'E:/UnityEditor/2021.3.16f1c1/Editor/Data/MonoBleedingEdge/etc'
Using monoOptions --debugger-agent=transport=dt_socket,embedding=1,server=y,suspend=n,address=127.0.0.1:56176
Begin MonoManager ReloadAssembly
Registering precompiled unity dll's ...
Register platform support module: E:/UnityEditor/2021.3.16f1c1/Editor/Data/PlaybackEngines/WindowsStandaloneSupport/UnityEditor.WindowsStandalone.Extensions.dll
Registered in 0.003136 seconds.
Native extension for WindowsStandalone target not found
Refreshing native plugins compatible for Editor in 126.33 ms, found 4 plugins.
Preloading 0 native plugins for Editor in 0.00 ms.
Mono: successfully reloaded assembly
- Completed reload, in  0.700 seconds
Domain Reload Profiling:
	ReloadAssembly (701ms)
		BeginReloadAssembly (86ms)
			ExecutionOrderSort (0ms)
			DisableScriptedObjects (0ms)
			BackupInstance (0ms)
			ReleaseScriptingObjects (0ms)
			CreateAndSetChildDomain (1ms)
		EndReloadAssembly (505ms)
			LoadAssemblies (81ms)
			RebuildTransferFunctionScriptingTraits (0ms)
			SetupTypeCache (100ms)
			ReleaseScriptCaches (0ms)
			RebuildScriptCaches (25ms)
			SetupLoadedEditorAssemblies (326ms)
				LogAssemblyErrors (0ms)
				InitializePlatformSupportModulesInManaged (6ms)
				SetLoadedEditorAssemblies (0ms)
				RefreshPlugins (126ms)
				BeforeProcessingInitializeOnLoad (1ms)
				ProcessInitializeOnLoadAttributes (148ms)
				ProcessInitializeOnLoadMethodAttributes (44ms)
				AfterProcessingInitializeOnLoad (0ms)
				EditorAssembliesLoaded (0ms)
			ExecutionOrderSort2 (0ms)
			AwakeInstancesAfterBackupRestoration (0ms)
Platform modules already initialized, skipping
Registering precompiled user dll's ...
Registered in 0.016803 seconds.
Begin MonoManager ReloadAssembly
Symbol file LoadedFromMemory doesn't match image E:\UnityProject\FSMTest\Library\PackageCache\com.unity.visualscripting@1.7.8\Editor\VisualScripting.Core\Dependencies\YamlDotNet\Unity.VisualScripting.YamlDotNet.dll
Symbol file LoadedFromMemory doesn't match image E:\UnityProject\FSMTest\Library\PackageCache\com.unity.visualscripting@1.7.8\Editor\VisualScripting.Core\Dependencies\DotNetZip\Unity.VisualScripting.IonicZip.dll
Native extension for WindowsStandalone target not found
Refreshing native plugins compatible for Editor in 133.14 ms, found 4 plugins.
Preloading 0 native plugins for Editor in 0.00 ms.
Mono: successfully reloaded assembly
- Completed reload, in  1.485 seconds
Domain Reload Profiling:
	ReloadAssembly (1486ms)
		BeginReloadAssembly (159ms)
			ExecutionOrderSort (0ms)
			DisableScriptedObjects (7ms)
			BackupInstance (0ms)
			ReleaseScriptingObjects (0ms)
			CreateAndSetChildDomain (16ms)
		EndReloadAssembly (1195ms)
			LoadAssemblies (152ms)
			RebuildTransferFunctionScriptingTraits (0ms)
			SetupTypeCache (269ms)
			ReleaseScriptCaches (1ms)
			RebuildScriptCaches (68ms)
			SetupLoadedEditorAssemblies (701ms)
				LogAssemblyErrors (0ms)
				InitializePlatformSupportModulesInManaged (4ms)
				SetLoadedEditorAssemblies (0ms)
				RefreshPlugins (133ms)
				BeforeProcessingInitializeOnLoad (131ms)
				ProcessInitializeOnLoadAttributes (332ms)
				ProcessInitializeOnLoadMethodAttributes (89ms)
				AfterProcessingInitializeOnLoad (12ms)
				EditorAssembliesLoaded (0ms)
			ExecutionOrderSort2 (0ms)
			AwakeInstancesAfterBackupRestoration (7ms)
Platform modules already initialized, skipping
========================================================================
Worker process is ready to serve import requests
Launched and connected shader compiler UnityShaderCompiler.exe after 0.12 seconds
Refreshing native plugins compatible for Editor in 1.02 ms, found 4 plugins.
Preloading 0 native plugins for Editor in 0.00 ms.
Unloading 5767 Unused Serialized files (Serialized files now loaded: 0)
Unloading 60 unused Assets / (0.5 MB). Loaded Objects now: 6243.
Memory consumption went from 255.0 MB to 254.4 MB.
Total: 4.373600 ms (FindLiveObjects: 0.482100 ms CreateObjectMapping: 0.570300 ms MarkObjects: 3.075000 ms  DeleteObjects: 0.245300 ms)

AssetImportParameters requested are different than current active one (requested -> active):
  custom:video-decoder-ogg-theora: a1e56fd34408186e4bbccfd4996cb3dc -> 
  custom:container-muxer-webm: aa71ff27fc2769a1b78a27578f13a17b -> 
  custom:container-demuxer-webm: 4f35f7cbe854078d1ac9338744f61a02 -> 
  custom:video-encoder-webm-vp8: eb34c28f22e8b96e1ab97ce403110664 -> 
  custom:video-codec-MediaFoundation-h265: 746d11721c4dcdbdad8f713fa42b33f4 -> 
  custom:audio-encoder-webm-vorbis: bf7c407c2cedff20999df2af8eb42d56 -> 
  custom:framework-win-MediaFoundation: 216162199b28c13a410421893ffa2e32 -> 
  custom:container-demuxer-ogg: 62fdf1f143b41e24485cea50d1cbac27 -> 
  custom:video-decoder-webm-vp8: 9c59270c3fd7afecdb556c50c9e8de78 -> 
  custom:audio-decoder-ogg-vorbis: bf7c407c2cedff20999df2af8eb42d56 -> 
========================================================================
Received Import Request.
  Time since last request: 1769.840875 seconds.
  path: Assets/Evn/parallax_forest_pack web/layers/parallax-forest-lights.png
  artifactKey: Guid(f64b62927e8f9954994602ea1f7efd3f) Importer(815301076,1909f56bfc062723c751e8b465ee728b)
Start importing Assets/Evn/parallax_forest_pack web/layers/parallax-forest-lights.png using Guid(f64b62927e8f9954994602ea1f7efd3f) Importer(815301076,1909f56bfc062723c751e8b465ee728b)  -> (artifact id: 'b75f62e5a1f88073f5f5025199abe557') in 0.147148 seconds 
========================================================================
Received Import Request.
  Time since last request: 23.778688 seconds.
  path: Assets/Sprites/EnemySprite/Goblin/Attack3.png
  artifactKey: Guid(eb79bcc47caeb2a47a1de2a2a7391733) Importer(815301076,1909f56bfc062723c751e8b465ee728b)
Start importing Assets/Sprites/EnemySprite/Goblin/Attack3.png using Guid(eb79bcc47caeb2a47a1de2a2a7391733) Importer(815301076,1909f56bfc062723c751e8b465ee728b)  -> (artifact id: '24a03e7b4de4a62fd5b1670de4283e37') in 0.068882 seconds 
========================================================================
Received Import Request.
  Time since last request: 0.000031 seconds.
  path: Assets/Sprites/EnemySprite/Goblin/Run 1.png
  artifactKey: Guid(111ccdff3e157ed49a1e1241f3af9b0b) Importer(815301076,1909f56bfc062723c751e8b465ee728b)
Start importing Assets/Sprites/EnemySprite/Goblin/Run 1.png using Guid(111ccdff3e157ed49a1e1241f3af9b0b) Importer(815301076,1909f56bfc062723c751e8b465ee728b)  -> (artifact id: '8b85307aba02529b12da0b425881103f') in 0.028294 seconds 
========================================================================
Received Import Request.
  Time since last request: 7.805251 seconds.
  path: Assets/Sprites/EnemySprite/Mushroom/Attack3.png
  artifactKey: Guid(bfe196d4fb1104048a94db099ebaff10) Importer(815301076,1909f56bfc062723c751e8b465ee728b)
Start importing Assets/Sprites/EnemySprite/Mushroom/Attack3.png using Guid(bfe196d4fb1104048a94db099ebaff10) Importer(815301076,1909f56bfc062723c751e8b465ee728b)  -> (artifact id: '84798913c415a1a432787bce2de0a0cd') in 0.032242 seconds 
========================================================================
Received Import Request.
  Time since last request: 0.000029 seconds.
  path: Assets/Sprites/EnemySprite/Mushroom/Projectile_sprite.png
  artifactKey: Guid(3a94cf2e2a3b5944392abd7ad63b8392) Importer(815301076,1909f56bfc062723c751e8b465ee728b)
Start importing Assets/Sprites/EnemySprite/Mushroom/Projectile_sprite.png using Guid(3a94cf2e2a3b5944392abd7ad63b8392) Importer(815301076,1909f56bfc062723c751e8b465ee728b)  -> (artifact id: '3c1f4c31b53dfbf3e96cb6b649ffc7d3') in 0.018297 seconds 
========================================================================
Received Import Request.
  Time since last request: 6.824525 seconds.
  path: Assets/Sprites/EnemySprite/Samurai/Attack2.png
  artifactKey: Guid(a7ef79c466a7a7249a466557a14d3331) Importer(815301076,1909f56bfc062723c751e8b465ee728b)
Start importing Assets/Sprites/EnemySprite/Samurai/Attack2.png using Guid(a7ef79c466a7a7249a466557a14d3331) Importer(815301076,1909f56bfc062723c751e8b465ee728b)  -> (artifact id: 'acefce23a59053472f7f871eb7fc6667') in 0.037808 seconds 
========================================================================
Received Import Request.
  Time since last request: 0.000044 seconds.
  path: Assets/Sprites/EnemySprite/Samurai/Take Hit.png
  artifactKey: Guid(771888c95909d9e4d84fd6b336a008e2) Importer(815301076,1909f56bfc062723c751e8b465ee728b)
Start importing Assets/Sprites/EnemySprite/Samurai/Take Hit.png using Guid(771888c95909d9e4d84fd6b336a008e2) Importer(815301076,1909f56bfc062723c751e8b465ee728b)  -> (artifact id: 'dc6a240029eeb406f486e1ac73eaeab1') in 0.053007 seconds 
========================================================================
Received Import Request.
  Time since last request: 0.000043 seconds.
  path: Assets/Sprites/EnemySprite/Samurai/Run.png
  artifactKey: Guid(2b9ce9a443f81d74ea36db12eedce73e) Importer(815301076,1909f56bfc062723c751e8b465ee728b)
Start importing Assets/Sprites/EnemySprite/Samurai/Run.png using Guid(2b9ce9a443f81d74ea36db12eedce73e) Importer(815301076,1909f56bfc062723c751e8b465ee728b)  -> (artifact id: 'a73a0e5683c04aa4a5b7582831e93fd5') in 0.063700 seconds 
========================================================================
Received Import Request.
  Time since last request: 60.500209 seconds.
  path: Assets/My Assets/UI/health bar frame 1.png
  artifactKey: Guid(caaae35b81de174468cf3de40139588f) Importer(815301076,1909f56bfc062723c751e8b465ee728b)
Start importing Assets/My Assets/UI/health bar frame 1.png using Guid(caaae35b81de174468cf3de40139588f) Importer(815301076,1909f56bfc062723c751e8b465ee728b)  -> (artifact id: '7ec9ef47f9de3f5ae7a303b659f1ea5e') in 0.016411 seconds 
========================================================================
Received Import Request.
  Time since last request: 0.000029 seconds.
  path: Assets/My Assets/UI/UI books & more.png
  artifactKey: Guid(d0d2ed210ee05f647aa04868f360ccdc) Importer(815301076,1909f56bfc062723c751e8b465ee728b)
Start importing Assets/My Assets/UI/UI books & more.png using Guid(d0d2ed210ee05f647aa04868f360ccdc) Importer(815301076,1909f56bfc062723c751e8b465ee728b)  -> (artifact id: '40ff356300b8e228ed2274873b7c5b63') in 0.103220 seconds 
========================================================================
Received Import Request.
  Time since last request: 0.000030 seconds.
  path: Assets/My Assets/UI/Life Potion.png
  artifactKey: Guid(fdfd0be6a20a57541a9eed92db3e7f92) Importer(815301076,1909f56bfc062723c751e8b465ee728b)
Start importing Assets/My Assets/UI/Life Potion.png using Guid(fdfd0be6a20a57541a9eed92db3e7f92) Importer(815301076,1909f56bfc062723c751e8b465ee728b)  -> (artifact id: '6a7534418e8a9a3e38b546c37eacb965') in 0.010790 seconds 
========================================================================
Received Import Request.
  Time since last request: 0.000032 seconds.
  path: Assets/My Assets/UI/Settings.png
  artifactKey: Guid(8b935e86ec7c7cb4fba8978eaebb3068) Importer(815301076,1909f56bfc062723c751e8b465ee728b)
Start importing Assets/My Assets/UI/Settings.png using Guid(8b935e86ec7c7cb4fba8978eaebb3068) Importer(815301076,1909f56bfc062723c751e8b465ee728b)  -> (artifact id: 'e2bab18990e3cba1fdc46acc2086de27') in 0.026436 seconds 
========================================================================
Received Import Request.
  Time since last request: 0.000038 seconds.
  path: Assets/My Assets/UI/toggle.png
  artifactKey: Guid(fea4bd1ade88c1a48aedb9c5f6b789ad) Importer(815301076,1909f56bfc062723c751e8b465ee728b)
Start importing Assets/My Assets/UI/toggle.png using Guid(fea4bd1ade88c1a48aedb9c5f6b789ad) Importer(815301076,1909f56bfc062723c751e8b465ee728b)  -> (artifact id: 'abd6ecbac1fb0e3cdc8d12a6f5303a62') in 0.010663 seconds 
========================================================================
Received Import Request.
  Time since last request: 0.000037 seconds.
  path: Assets/My Assets/UI/scroll bar.png
  artifactKey: Guid(e4c9a6f7af248614db727accc4bb2f27) Importer(815301076,1909f56bfc062723c751e8b465ee728b)
Start importing Assets/My Assets/UI/scroll bar.png using Guid(e4c9a6f7af248614db727accc4bb2f27) Importer(815301076,1909f56bfc062723c751e8b465ee728b)  -> (artifact id: 'f242c29aee594d42621caec37634770d') in 0.013561 seconds 
========================================================================
Received Import Request.
  Time since last request: 0.000027 seconds.
  path: Assets/My Assets/UI/Knight Icon.png
  artifactKey: Guid(5f81943ed7d8d0a43b1a734144e9fbaa) Importer(815301076,1909f56bfc062723c751e8b465ee728b)
Start importing Assets/My Assets/UI/Knight Icon.png using Guid(5f81943ed7d8d0a43b1a734144e9fbaa) Importer(815301076,1909f56bfc062723c751e8b465ee728b)  -> (artifact id: '9dc1a1b0633b9976e47cf771152514ea') in 0.011992 seconds 
========================================================================
Received Import Request.
  Time since last request: 0.000037 seconds.
  path: Assets/My Assets/UI/Player Icon.png
  artifactKey: Guid(786d8138b27cd4f41affd689efa480a5) Importer(815301076,1909f56bfc062723c751e8b465ee728b)
Start importing Assets/My Assets/UI/Player Icon.png using Guid(786d8138b27cd4f41affd689efa480a5) Importer(815301076,1909f56bfc062723c751e8b465ee728b)  -> (artifact id: '6a99ee05d75fd5a72dc52b66c9f2eaf3') in 0.023126 seconds 
========================================================================
Received Import Request.
  Time since last request: 0.000026 seconds.
  path: Assets/My Assets/UI/Skill Frame.png
  artifactKey: Guid(b66181866ae18624da355ba3c637a590) Importer(815301076,1909f56bfc062723c751e8b465ee728b)
Start importing Assets/My Assets/UI/Skill Frame.png using Guid(b66181866ae18624da355ba3c637a590) Importer(815301076,1909f56bfc062723c751e8b465ee728b)  -> (artifact id: '7b8b1a8a65f1fdc970de82272d3cdb16') in 0.009524 seconds 
========================================================================
Received Import Request.
  Time since last request: 0.036555 seconds.
  path: Assets/My Assets/UI/GUI.png
  artifactKey: Guid(68146c902aa64fc439b8e76cfc5b7546) Importer(815301076,1909f56bfc062723c751e8b465ee728b)
Start importing Assets/My Assets/UI/GUI.png using Guid(68146c902aa64fc439b8e76cfc5b7546) Importer(815301076,1909f56bfc062723c751e8b465ee728b)  -> (artifact id: '0f1074cce6a811b5d96e193db51eb365') in 0.022040 seconds 
========================================================================
Received Import Request.
  Time since last request: 0.000023 seconds.
  path: Assets/My Assets/UI/FOOD.png
  artifactKey: Guid(ee5b882859a866645b0d2dae81b7b0ae) Importer(815301076,1909f56bfc062723c751e8b465ee728b)
Start importing Assets/My Assets/UI/FOOD.png using Guid(ee5b882859a866645b0d2dae81b7b0ae) Importer(815301076,1909f56bfc062723c751e8b465ee728b)  -> (artifact id: '966a8d6875bcb3cb36bd3024240841df') in 0.015102 seconds 
========================================================================
Received Import Request.
  Time since last request: 0.234708 seconds.
  path: Assets/My Assets/UI/Dash Icon.png
  artifactKey: Guid(dbfcab8758e84b242a38b92d9cb1ed44) Importer(815301076,1909f56bfc062723c751e8b465ee728b)
Start importing Assets/My Assets/UI/Dash Icon.png using Guid(dbfcab8758e84b242a38b92d9cb1ed44) Importer(815301076,1909f56bfc062723c751e8b465ee728b)  -> (artifact id: '95c98f27d18e4efd2f44b240f204c9c1') in 0.019064 seconds 
========================================================================
Received Import Request.
  Time since last request: 0.000036 seconds.
  path: Assets/My Assets/UI/buttons_4x.png
  artifactKey: Guid(32ac05474befc1649a1f2539b669f85a) Importer(815301076,1909f56bfc062723c751e8b465ee728b)
Start importing Assets/My Assets/UI/buttons_4x.png using Guid(32ac05474befc1649a1f2539b669f85a) Importer(815301076,1909f56bfc062723c751e8b465ee728b)  -> (artifact id: '78284a2b297e33312cc67f9dcb53a64b') in 0.016743 seconds 
========================================================================
Received Import Request.
  Time since last request: 0.000054 seconds.
  path: Assets/My Assets/UI/All.png
  artifactKey: Guid(65241096044d47b4081fde025251c458) Importer(815301076,1909f56bfc062723c751e8b465ee728b)
Start importing Assets/My Assets/UI/All.png using Guid(65241096044d47b4081fde025251c458) Importer(815301076,1909f56bfc062723c751e8b465ee728b)  -> (artifact id: 'c80d9a643ebbf6eb0b151ad2dad15d0d') in 0.019607 seconds 
Editor requested this worker to shutdown with reason: Scaling down because of idle timeout
AssetImportWorker is now disconnected from the server
Process exiting
Exiting without the bug reporter. Application will terminate with return code 0