Using pre-set license
Built from 'HEAD' branch; Version is '2021.3.16f1c1 (56dbfdd6697f) revision 5692413'; Using compiler version '192829333'; Build Type 'Release'
OS: 'Windows 10  (10.0.19045) 64bit CoreCountrySpecific' Language: 'zh' Physical Memory: 16222 MB
BatchMode: 1, IsHumanControllingUs: 0, StartBugReporterOnCrash: 0, Is64bit: 1, IsPro: 1

COMMAND LINE ARGUMENTS:
E:\UnityEditor\2021.3.16f1c1\Editor\Unity.exe
-adb2
-batchMode
-noUpm
-name
AssetImportWorker1
-projectPath
E:/UnityProject/FSMTest
-logFile
Logs/AssetImportWorker1.log
-srvPort
1908
Successfully changed project path to: E:/UnityProject/FSMTest
E:/UnityProject/FSMTest
[UnityMemory] Configuration Parameters - Can be set up in boot.config
    "memorysetup-bucket-allocator-granularity=16"
    "memorysetup-bucket-allocator-bucket-count=8"
    "memorysetup-bucket-allocator-block-size=33554432"
    "memorysetup-bucket-allocator-block-count=8"
    "memorysetup-main-allocator-block-size=16777216"
    "memorysetup-thread-allocator-block-size=16777216"
    "memorysetup-gfx-main-allocator-block-size=16777216"
    "memorysetup-gfx-thread-allocator-block-size=16777216"
    "memorysetup-cache-allocator-block-size=4194304"
    "memorysetup-typetree-allocator-block-size=2097152"
    "memorysetup-profiler-bucket-allocator-granularity=16"
    "memorysetup-profiler-bucket-allocator-bucket-count=8"
    "memorysetup-profiler-bucket-allocator-block-size=33554432"
    "memorysetup-profiler-bucket-allocator-block-count=8"
    "memorysetup-profiler-allocator-block-size=16777216"
    "memorysetup-profiler-editor-allocator-block-size=1048576"
    "memorysetup-temp-allocator-size-main=16777216"
    "memorysetup-job-temp-allocator-block-size=2097152"
    "memorysetup-job-temp-allocator-block-size-background=1048576"
    "memorysetup-job-temp-allocator-reduction-small-platforms=262144"
    "memorysetup-temp-allocator-size-background-worker=32768"
    "memorysetup-temp-allocator-size-job-worker=262144"
    "memorysetup-temp-allocator-size-preload-manager=33554432"
    "memorysetup-temp-allocator-size-nav-mesh-worker=65536"
    "memorysetup-temp-allocator-size-audio-worker=65536"
    "memorysetup-temp-allocator-size-cloud-worker=32768"
    "memorysetup-temp-allocator-size-gi-baking-worker=262144"
    "memorysetup-temp-allocator-size-gfx=262144"
Player connection [5740] Host "[IP] 192.168.244.1 [Port] 0 [Flags] 2 [Guid] 453688848 [EditorId] 453688848 [Version] 1048832 [Id] WindowsEditor(7,LAPTOP-3QKKJTNN) [Debug] 1 [PackageName] WindowsEditor [ProjectName] Editor" joined multi-casting on [225.0.0.222:54997]...

Player connection [5740] Host "[IP] 192.168.244.1 [Port] 0 [Flags] 2 [Guid] 453688848 [EditorId] 453688848 [Version] 1048832 [Id] WindowsEditor(7,LAPTOP-3QKKJTNN) [Debug] 1 [PackageName] WindowsEditor [ProjectName] Editor" joined alternative multi-casting on [225.0.0.222:34997]...

AS: AutoStreaming module initializing.
Refreshing native plugins compatible for Editor in 164.92 ms, found 4 plugins.
Preloading 0 native plugins for Editor in 0.00 ms.
Initialize engine version: 2021.3.16f1c1 (56dbfdd6697f)
[Subsystems] Discovering subsystems at path E:/UnityEditor/2021.3.16f1c1/Editor/Data/Resources/UnitySubsystems
[Subsystems] Discovering subsystems at path E:/UnityProject/FSMTest/Assets
GfxDevice: creating device client; threaded=0; jobified=0
Direct3D:
    Version:  Direct3D 11.0 [level 11.1]
    Renderer: NVIDIA GeForce RTX 2070 (ID=0x1f14)
    Vendor:   NVIDIA
    VRAM:     8019 MB
    Driver:   31.0.15.3734
Initialize mono
Mono path[0] = 'E:/UnityEditor/2021.3.16f1c1/Editor/Data/Managed'
Mono path[1] = 'E:/UnityEditor/2021.3.16f1c1/Editor/Data/MonoBleedingEdge/lib/mono/unityjit-win32'
Mono config path = 'E:/UnityEditor/2021.3.16f1c1/Editor/Data/MonoBleedingEdge/etc'
Using monoOptions --debugger-agent=transport=dt_socket,embedding=1,server=y,suspend=n,address=127.0.0.1:56380
Begin MonoManager ReloadAssembly
Registering precompiled unity dll's ...
Register platform support module: E:/UnityEditor/2021.3.16f1c1/Editor/Data/PlaybackEngines/WindowsStandaloneSupport/UnityEditor.WindowsStandalone.Extensions.dll
Registered in 0.003504 seconds.
Native extension for WindowsStandalone target not found
Refreshing native plugins compatible for Editor in 184.63 ms, found 4 plugins.
Preloading 0 native plugins for Editor in 0.00 ms.
Mono: successfully reloaded assembly
- Completed reload, in  0.744 seconds
Domain Reload Profiling:
	ReloadAssembly (744ms)
		BeginReloadAssembly (89ms)
			ExecutionOrderSort (0ms)
			DisableScriptedObjects (0ms)
			BackupInstance (0ms)
			ReleaseScriptingObjects (0ms)
			CreateAndSetChildDomain (1ms)
		EndReloadAssembly (546ms)
			LoadAssemblies (84ms)
			RebuildTransferFunctionScriptingTraits (0ms)
			SetupTypeCache (106ms)
			ReleaseScriptCaches (0ms)
			RebuildScriptCaches (26ms)
			SetupLoadedEditorAssemblies (357ms)
				LogAssemblyErrors (0ms)
				InitializePlatformSupportModulesInManaged (7ms)
				SetLoadedEditorAssemblies (0ms)
				RefreshPlugins (185ms)
				BeforeProcessingInitializeOnLoad (3ms)
				ProcessInitializeOnLoadAttributes (119ms)
				ProcessInitializeOnLoadMethodAttributes (43ms)
				AfterProcessingInitializeOnLoad (0ms)
				EditorAssembliesLoaded (0ms)
			ExecutionOrderSort2 (0ms)
			AwakeInstancesAfterBackupRestoration (0ms)
Platform modules already initialized, skipping
Registering precompiled user dll's ...
Registered in 0.017513 seconds.
Begin MonoManager ReloadAssembly
Symbol file LoadedFromMemory doesn't match image E:\UnityProject\FSMTest\Library\PackageCache\com.unity.visualscripting@1.7.8\Editor\VisualScripting.Core\Dependencies\YamlDotNet\Unity.VisualScripting.YamlDotNet.dll
Symbol file LoadedFromMemory doesn't match image E:\UnityProject\FSMTest\Library\PackageCache\com.unity.visualscripting@1.7.8\Editor\VisualScripting.Core\Dependencies\DotNetZip\Unity.VisualScripting.IonicZip.dll
Native extension for WindowsStandalone target not found
Refreshing native plugins compatible for Editor in 145.03 ms, found 4 plugins.
Preloading 0 native plugins for Editor in 0.00 ms.
Mono: successfully reloaded assembly
- Completed reload, in  1.496 seconds
Domain Reload Profiling:
	ReloadAssembly (1497ms)
		BeginReloadAssembly (148ms)
			ExecutionOrderSort (0ms)
			DisableScriptedObjects (10ms)
			BackupInstance (0ms)
			ReleaseScriptingObjects (0ms)
			CreateAndSetChildDomain (17ms)
		EndReloadAssembly (1219ms)
			LoadAssemblies (115ms)
			RebuildTransferFunctionScriptingTraits (0ms)
			SetupTypeCache (280ms)
			ReleaseScriptCaches (1ms)
			RebuildScriptCaches (78ms)
			SetupLoadedEditorAssemblies (699ms)
				LogAssemblyErrors (0ms)
				InitializePlatformSupportModulesInManaged (4ms)
				SetLoadedEditorAssemblies (0ms)
				RefreshPlugins (145ms)
				BeforeProcessingInitializeOnLoad (161ms)
				ProcessInitializeOnLoadAttributes (287ms)
				ProcessInitializeOnLoadMethodAttributes (90ms)
				AfterProcessingInitializeOnLoad (13ms)
				EditorAssembliesLoaded (0ms)
			ExecutionOrderSort2 (0ms)
			AwakeInstancesAfterBackupRestoration (8ms)
Platform modules already initialized, skipping
========================================================================
Worker process is ready to serve import requests
Launched and connected shader compiler UnityShaderCompiler.exe after 0.04 seconds
Refreshing native plugins compatible for Editor in 1.14 ms, found 4 plugins.
Preloading 0 native plugins for Editor in 0.00 ms.
Unloading 5767 Unused Serialized files (Serialized files now loaded: 0)
Unloading 60 unused Assets / (0.5 MB). Loaded Objects now: 6243.
Memory consumption went from 255.0 MB to 254.4 MB.
Total: 4.040300 ms (FindLiveObjects: 0.429800 ms CreateObjectMapping: 0.444000 ms MarkObjects: 2.955500 ms  DeleteObjects: 0.210100 ms)

AssetImportParameters requested are different than current active one (requested -> active):
  custom:video-decoder-ogg-theora: a1e56fd34408186e4bbccfd4996cb3dc -> 
  custom:container-muxer-webm: aa71ff27fc2769a1b78a27578f13a17b -> 
  custom:container-demuxer-webm: 4f35f7cbe854078d1ac9338744f61a02 -> 
  custom:video-encoder-webm-vp8: eb34c28f22e8b96e1ab97ce403110664 -> 
  custom:video-codec-MediaFoundation-h265: 746d11721c4dcdbdad8f713fa42b33f4 -> 
  custom:audio-encoder-webm-vorbis: bf7c407c2cedff20999df2af8eb42d56 -> 
  custom:framework-win-MediaFoundation: 216162199b28c13a410421893ffa2e32 -> 
  custom:container-demuxer-ogg: 62fdf1f143b41e24485cea50d1cbac27 -> 
  custom:video-decoder-webm-vp8: 9c59270c3fd7afecdb556c50c9e8de78 -> 
  custom:audio-decoder-ogg-vorbis: bf7c407c2cedff20999df2af8eb42d56 -> 
========================================================================
Received Import Request.
  Time since last request: 745.648299 seconds.
  path: Assets/Evn/tileset.png
  artifactKey: Guid(ce43d01069f953948b6ddd67c2919970) Importer(815301076,1909f56bfc062723c751e8b465ee728b)
Start importing Assets/Evn/tileset.png using Guid(ce43d01069f953948b6ddd67c2919970) Importer(815301076,1909f56bfc062723c751e8b465ee728b)  -> (artifact id: '7eb293e3aa68d29a21da74286f57a42e') in 0.575001 seconds 
========================================================================
Received Import Request.
  Time since last request: 134.696116 seconds.
  path: Assets/Evn/oak_woods_v1.0/decorations/fence_2.png
  artifactKey: Guid(38328d52a1aacb7488928c080329a95d) Importer(815301076,1909f56bfc062723c751e8b465ee728b)
Start importing Assets/Evn/oak_woods_v1.0/decorations/fence_2.png using Guid(38328d52a1aacb7488928c080329a95d) Importer(815301076,1909f56bfc062723c751e8b465ee728b)  -> (artifact id: 'ff20923a9474b3ef21f549df3da474c8') in 0.015331 seconds 
========================================================================
Received Import Request.
  Time since last request: 0.000028 seconds.
  path: Assets/Evn/oak_woods_v1.0/decorations/shop_anim.png
  artifactKey: Guid(551ce4078bc79ea499c243682d04b97a) Importer(815301076,1909f56bfc062723c751e8b465ee728b)
Start importing Assets/Evn/oak_woods_v1.0/decorations/shop_anim.png using Guid(551ce4078bc79ea499c243682d04b97a) Importer(815301076,1909f56bfc062723c751e8b465ee728b)  -> (artifact id: '8323f56ad792064cebaf12fe66064681') in 0.047439 seconds 
========================================================================
Received Import Request.
  Time since last request: 0.000047 seconds.
  path: Assets/Evn/oak_woods_v1.0/decorations/grass_1.png
  artifactKey: Guid(499af34587fdd7b479e9508080018496) Importer(815301076,1909f56bfc062723c751e8b465ee728b)
Start importing Assets/Evn/oak_woods_v1.0/decorations/grass_1.png using Guid(499af34587fdd7b479e9508080018496) Importer(815301076,1909f56bfc062723c751e8b465ee728b)  -> (artifact id: '649b5a310ea82bdf6715986c557a450a') in 0.012221 seconds 
========================================================================
Received Import Request.
  Time since last request: 0.000022 seconds.
  path: Assets/Evn/oak_woods_v1.0/decorations/grass_2.png
  artifactKey: Guid(0c048ca133737d142b3839c23242d3b4) Importer(815301076,1909f56bfc062723c751e8b465ee728b)
Start importing Assets/Evn/oak_woods_v1.0/decorations/grass_2.png using Guid(0c048ca133737d142b3839c23242d3b4) Importer(815301076,1909f56bfc062723c751e8b465ee728b)  -> (artifact id: 'fca440e12fe47ba0bb7d31fcc623ff05') in 0.021207 seconds 
========================================================================
Received Import Request.
  Time since last request: 0.000027 seconds.
  path: Assets/Evn/oak_woods_v1.0/decorations/grass_3.png
  artifactKey: Guid(da149541c68920a4caaeb2f761faffb9) Importer(815301076,1909f56bfc062723c751e8b465ee728b)
Start importing Assets/Evn/oak_woods_v1.0/decorations/grass_3.png using Guid(da149541c68920a4caaeb2f761faffb9) Importer(815301076,1909f56bfc062723c751e8b465ee728b)  -> (artifact id: '880987924fdb18ab587a349bb821f6ca') in 0.011042 seconds 
========================================================================
Received Import Request.
  Time since last request: 0.000025 seconds.
  path: Assets/Evn/oak_woods_v1.0/decorations/rock_3.png
  artifactKey: Guid(eff9025f947a29d448f5e4a887894da7) Importer(815301076,1909f56bfc062723c751e8b465ee728b)
Start importing Assets/Evn/oak_woods_v1.0/decorations/rock_3.png using Guid(eff9025f947a29d448f5e4a887894da7) Importer(815301076,1909f56bfc062723c751e8b465ee728b)  -> (artifact id: 'e4115e24c740156be5c304fa2c5fc1a5') in 0.009049 seconds 
========================================================================
Received Import Request.
  Time since last request: 11.370310 seconds.
  path: Assets/Evn/oak_woods_v1.0/background/background_layer_3.png
  artifactKey: Guid(723387225728565488a9568f3ebddb7b) Importer(815301076,1909f56bfc062723c751e8b465ee728b)
Start importing Assets/Evn/oak_woods_v1.0/background/background_layer_3.png using Guid(723387225728565488a9568f3ebddb7b) Importer(815301076,1909f56bfc062723c751e8b465ee728b)  -> (artifact id: '3bad3c53b30b77513969fde1eaa1bf57') in 0.015269 seconds 
========================================================================
Received Import Request.
  Time since last request: 30.502669 seconds.
  path: Assets/Evn/parallax_forest_pack web/layers/parallax-forest-lights.png
  artifactKey: Guid(f64b62927e8f9954994602ea1f7efd3f) Importer(815301076,1909f56bfc062723c751e8b465ee728b)
Start importing Assets/Evn/parallax_forest_pack web/layers/parallax-forest-lights.png using Guid(f64b62927e8f9954994602ea1f7efd3f) Importer(815301076,1909f56bfc062723c751e8b465ee728b)  -> (artifact id: '463ae1d7761221b16352abb93708c4a4') in 0.204587 seconds 
========================================================================
Received Import Request.
  Time since last request: 13.752635 seconds.
  path: Assets/Evn/Relics/Grass_background_2.png
  artifactKey: Guid(fe6298aa8e23dc941831dd66fe506d5c) Importer(815301076,1909f56bfc062723c751e8b465ee728b)
Start importing Assets/Evn/Relics/Grass_background_2.png using Guid(fe6298aa8e23dc941831dd66fe506d5c) Importer(815301076,1909f56bfc062723c751e8b465ee728b)  -> (artifact id: 'd6b96743d8741cfe7290ae9771170740') in 0.085322 seconds 
========================================================================
Received Import Request.
  Time since last request: 0.000036 seconds.
  path: Assets/Evn/Relics/Tiles 1.png
  artifactKey: Guid(ce04017650981094d84898a1e617f841) Importer(815301076,1909f56bfc062723c751e8b465ee728b)
Start importing Assets/Evn/Relics/Tiles 1.png using Guid(ce04017650981094d84898a1e617f841) Importer(815301076,1909f56bfc062723c751e8b465ee728b)  -> (artifact id: 'fad86c6d71bc53ef334af3db5725c00f') in 0.265044 seconds 
========================================================================
Received Import Request.
  Time since last request: 89.191049 seconds.
  path: Assets/Sprites/EnemySprite/Goblin/Attack2.png
  artifactKey: Guid(327e1354207ec5f4d98db298e05eddbe) Importer(815301076,1909f56bfc062723c751e8b465ee728b)
Start importing Assets/Sprites/EnemySprite/Goblin/Attack2.png using Guid(327e1354207ec5f4d98db298e05eddbe) Importer(815301076,1909f56bfc062723c751e8b465ee728b)  -> (artifact id: '942a29aa2b6a71aeb495e5bb38d15b60') in 0.378516 seconds 
========================================================================
Received Import Request.
  Time since last request: 0.000028 seconds.
  path: Assets/Sprites/EnemySprite/Goblin/Idle.png
  artifactKey: Guid(61f8916511d088142ab7fc0b868b76f8) Importer(815301076,1909f56bfc062723c751e8b465ee728b)
Start importing Assets/Sprites/EnemySprite/Goblin/Idle.png using Guid(61f8916511d088142ab7fc0b868b76f8) Importer(815301076,1909f56bfc062723c751e8b465ee728b)  -> (artifact id: '94356cc52504a355e6bc6175e8564762') in 0.135886 seconds 
========================================================================
Received Import Request.
  Time since last request: 0.000048 seconds.
  path: Assets/Sprites/EnemySprite/Goblin/Bomb_sprite.png
  artifactKey: Guid(9bf2fb3194c274d4a9d6fe145c198d9d) Importer(815301076,1909f56bfc062723c751e8b465ee728b)
Start importing Assets/Sprites/EnemySprite/Goblin/Bomb_sprite.png using Guid(9bf2fb3194c274d4a9d6fe145c198d9d) Importer(815301076,1909f56bfc062723c751e8b465ee728b)  -> (artifact id: 'e9dc092e31107aca4e6b4ee6e3a781ae') in 0.066841 seconds 
========================================================================
Received Import Request.
  Time since last request: 0.000027 seconds.
  path: Assets/Sprites/EnemySprite/Goblin/Attack3.png
  artifactKey: Guid(eb79bcc47caeb2a47a1de2a2a7391733) Importer(815301076,1909f56bfc062723c751e8b465ee728b)
Start importing Assets/Sprites/EnemySprite/Goblin/Attack3.png using Guid(eb79bcc47caeb2a47a1de2a2a7391733) Importer(815301076,1909f56bfc062723c751e8b465ee728b)  -> (artifact id: '5a88bd656cbf60b75c569215aabdc8f0') in 0.032545 seconds 
========================================================================
Received Import Request.
  Time since last request: 6.581169 seconds.
  path: Assets/Sprites/EnemySprite/Mushroom/Attack2.png
  artifactKey: Guid(c22363d1a503f7f4ba30f81da1912cce) Importer(815301076,1909f56bfc062723c751e8b465ee728b)
Start importing Assets/Sprites/EnemySprite/Mushroom/Attack2.png using Guid(c22363d1a503f7f4ba30f81da1912cce) Importer(815301076,1909f56bfc062723c751e8b465ee728b)  -> (artifact id: '584d4af2ab28203458a1efec7503dc1b') in 0.037848 seconds 
========================================================================
Received Import Request.
  Time since last request: 0.000029 seconds.
  path: Assets/Sprites/EnemySprite/Mushroom/Attack3.png
  artifactKey: Guid(bfe196d4fb1104048a94db099ebaff10) Importer(815301076,1909f56bfc062723c751e8b465ee728b)
Start importing Assets/Sprites/EnemySprite/Mushroom/Attack3.png using Guid(bfe196d4fb1104048a94db099ebaff10) Importer(815301076,1909f56bfc062723c751e8b465ee728b)  -> (artifact id: 'd1208b527b52bf22d9b228e885023e39') in 0.070960 seconds 
========================================================================
Received Import Request.
  Time since last request: 0.000052 seconds.
  path: Assets/Sprites/EnemySprite/Mushroom/Projectile_sprite.png
  artifactKey: Guid(3a94cf2e2a3b5944392abd7ad63b8392) Importer(815301076,1909f56bfc062723c751e8b465ee728b)
Start importing Assets/Sprites/EnemySprite/Mushroom/Projectile_sprite.png using Guid(3a94cf2e2a3b5944392abd7ad63b8392) Importer(815301076,1909f56bfc062723c751e8b465ee728b)  -> (artifact id: '551f4f94f3c0656c47ff88e6bdcfd1b3') in 0.064449 seconds 
========================================================================
Received Import Request.
  Time since last request: 0.000024 seconds.
  path: Assets/Sprites/EnemySprite/Mushroom/Idle.png
  artifactKey: Guid(e55928786ae65f242872a9b1232c86fc) Importer(815301076,1909f56bfc062723c751e8b465ee728b)
Start importing Assets/Sprites/EnemySprite/Mushroom/Idle.png using Guid(e55928786ae65f242872a9b1232c86fc) Importer(815301076,1909f56bfc062723c751e8b465ee728b)  -> (artifact id: '23a914cb8475e311b80b51c8f1296211') in 0.017992 seconds 
========================================================================
Received Import Request.
  Time since last request: 11.892043 seconds.
  path: Assets/Sprites/EnemySprite/Samurai/Attack2.png
  artifactKey: Guid(a7ef79c466a7a7249a466557a14d3331) Importer(815301076,1909f56bfc062723c751e8b465ee728b)
Start importing Assets/Sprites/EnemySprite/Samurai/Attack2.png using Guid(a7ef79c466a7a7249a466557a14d3331) Importer(815301076,1909f56bfc062723c751e8b465ee728b)  -> (artifact id: '01e0cca24d219fcb59f8c969d82f1a1d') in 0.127775 seconds 
========================================================================
Received Import Request.
  Time since last request: 0.000029 seconds.
  path: Assets/Sprites/EnemySprite/Samurai/Take Hit - white silhouette.png
  artifactKey: Guid(17895b9c9a415264c9805357b4610513) Importer(815301076,1909f56bfc062723c751e8b465ee728b)
Start importing Assets/Sprites/EnemySprite/Samurai/Take Hit - white silhouette.png using Guid(17895b9c9a415264c9805357b4610513) Importer(815301076,1909f56bfc062723c751e8b465ee728b)  -> (artifact id: '96967add2a078063fdef3657ea256c94') in 0.033956 seconds 
========================================================================
Received Import Request.
  Time since last request: 0.000031 seconds.
  path: Assets/Sprites/EnemySprite/Samurai/Take Hit.png
  artifactKey: Guid(771888c95909d9e4d84fd6b336a008e2) Importer(815301076,1909f56bfc062723c751e8b465ee728b)
Start importing Assets/Sprites/EnemySprite/Samurai/Take Hit.png using Guid(771888c95909d9e4d84fd6b336a008e2) Importer(815301076,1909f56bfc062723c751e8b465ee728b)  -> (artifact id: '69ad4b612804095f15a177ad1edcaddc') in 0.019070 seconds 
========================================================================
Received Import Request.
  Time since last request: 0.000029 seconds.
  path: Assets/Sprites/EnemySprite/Samurai/Run.png
  artifactKey: Guid(2b9ce9a443f81d74ea36db12eedce73e) Importer(815301076,1909f56bfc062723c751e8b465ee728b)
Start importing Assets/Sprites/EnemySprite/Samurai/Run.png using Guid(2b9ce9a443f81d74ea36db12eedce73e) Importer(815301076,1909f56bfc062723c751e8b465ee728b)  -> (artifact id: '1453b87fd2e04b933f50ee2ac8148133') in 0.032433 seconds 
========================================================================
Received Import Request.
  Time since last request: 40.905146 seconds.
  path: Assets/Sprites/Player/RedHood/itch hurt 2 sheet-Sheet.png
  artifactKey: Guid(663c61340600a874fbfb113ab24a2957) Importer(815301076,1909f56bfc062723c751e8b465ee728b)
Start importing Assets/Sprites/Player/RedHood/itch hurt 2 sheet-Sheet.png using Guid(663c61340600a874fbfb113ab24a2957) Importer(815301076,1909f56bfc062723c751e8b465ee728b)  -> (artifact id: '4129672876c65559adad4c48b76481dc') in 0.056936 seconds 
========================================================================
Received Import Request.
  Time since last request: 0.000033 seconds.
  path: Assets/Sprites/Player/RedHood/run turnaround-Sheet.png
  artifactKey: Guid(111be59c5d493a24398331b21b263d24) Importer(815301076,1909f56bfc062723c751e8b465ee728b)
Start importing Assets/Sprites/Player/RedHood/run turnaround-Sheet.png using Guid(111be59c5d493a24398331b21b263d24) Importer(815301076,1909f56bfc062723c751e8b465ee728b)  -> (artifact id: '044e5630cd61e5823dc2140ea0b41dec') in 0.039779 seconds 
========================================================================
Received Import Request.
  Time since last request: 0.000023 seconds.
  path: Assets/Sprites/Player/RedHood/itch run-Sheet sheet.png
  artifactKey: Guid(1aa954312dd52e24fb50d05d498f3a9d) Importer(815301076,1909f56bfc062723c751e8b465ee728b)
Start importing Assets/Sprites/Player/RedHood/itch run-Sheet sheet.png using Guid(1aa954312dd52e24fb50d05d498f3a9d) Importer(815301076,1909f56bfc062723c751e8b465ee728b)  -> (artifact id: '16b4332066694ab8104bed3ea31c6ad2') in 0.110537 seconds 
========================================================================
Received Import Request.
  Time since last request: 100.277525 seconds.
  path: Assets/My Assets/UI/health bar frame 1.png
  artifactKey: Guid(caaae35b81de174468cf3de40139588f) Importer(815301076,1909f56bfc062723c751e8b465ee728b)
Start importing Assets/My Assets/UI/health bar frame 1.png using Guid(caaae35b81de174468cf3de40139588f) Importer(815301076,1909f56bfc062723c751e8b465ee728b)  -> (artifact id: '168ce1a35061edbff6102d37d9448091') in 0.090262 seconds 
========================================================================
Received Import Request.
  Time since last request: 0.000036 seconds.
  path: Assets/My Assets/UI/UI books & more.png
  artifactKey: Guid(d0d2ed210ee05f647aa04868f360ccdc) Importer(815301076,1909f56bfc062723c751e8b465ee728b)
Start importing Assets/My Assets/UI/UI books & more.png using Guid(d0d2ed210ee05f647aa04868f360ccdc) Importer(815301076,1909f56bfc062723c751e8b465ee728b)  -> (artifact id: 'f548d86b8e6758003af83a073aab4b90') in 0.159382 seconds 
========================================================================
Received Import Request.
  Time since last request: 0.000029 seconds.
  path: Assets/My Assets/UI/ItemsMobA.png
  artifactKey: Guid(f04ba96693c1d504dabe8f572a263722) Importer(815301076,1909f56bfc062723c751e8b465ee728b)
Start importing Assets/My Assets/UI/ItemsMobA.png using Guid(f04ba96693c1d504dabe8f572a263722) Importer(815301076,1909f56bfc062723c751e8b465ee728b)  -> (artifact id: '1b263f33236e69cee73bf1db665c7054') in 0.019016 seconds 
========================================================================
Received Import Request.
  Time since last request: 0.000023 seconds.
  path: Assets/My Assets/UI/Player Frame.png
  artifactKey: Guid(6ee3a20d99af324438cb0b8588a3e564) Importer(815301076,1909f56bfc062723c751e8b465ee728b)
Start importing Assets/My Assets/UI/Player Frame.png using Guid(6ee3a20d99af324438cb0b8588a3e564) Importer(815301076,1909f56bfc062723c751e8b465ee728b)  -> (artifact id: '3f2d8a2cddfec233b7217b387393c3cc') in 0.071286 seconds 
========================================================================
Received Import Request.
  Time since last request: 0.000037 seconds.
  path: Assets/My Assets/UI/life bar.png
  artifactKey: Guid(6d1ea01903958a34e8e60a6d050a6188) Importer(815301076,1909f56bfc062723c751e8b465ee728b)
Start importing Assets/My Assets/UI/life bar.png using Guid(6d1ea01903958a34e8e60a6d050a6188) Importer(815301076,1909f56bfc062723c751e8b465ee728b)  -> (artifact id: 'a144afa0afb3f1d61f7438d46b5c442b') in 0.036863 seconds 
========================================================================
Received Import Request.
  Time since last request: 0.000031 seconds.
  path: Assets/My Assets/UI/Dialog Frame.png
  artifactKey: Guid(f0fe2008405bdda449df77cacf246527) Importer(815301076,1909f56bfc062723c751e8b465ee728b)
Start importing Assets/My Assets/UI/Dialog Frame.png using Guid(f0fe2008405bdda449df77cacf246527) Importer(815301076,1909f56bfc062723c751e8b465ee728b)  -> (artifact id: 'fa0a7be2a11d9f9958267e071dd176fb') in 0.011720 seconds 
========================================================================
Received Import Request.
  Time since last request: 0.000031 seconds.
  path: Assets/My Assets/UI/GUI.png
  artifactKey: Guid(68146c902aa64fc439b8e76cfc5b7546) Importer(815301076,1909f56bfc062723c751e8b465ee728b)
Start importing Assets/My Assets/UI/GUI.png using Guid(68146c902aa64fc439b8e76cfc5b7546) Importer(815301076,1909f56bfc062723c751e8b465ee728b)  -> (artifact id: 'cf6be4c867be2ab582b3a56ae175ea0c') in 0.047081 seconds 
========================================================================
Received Import Request.
  Time since last request: 0.000019 seconds.
  path: Assets/My Assets/UI/coin.png
  artifactKey: Guid(fbb977851785de14b8d9413f20150a5a) Importer(815301076,1909f56bfc062723c751e8b465ee728b)
Start importing Assets/My Assets/UI/coin.png using Guid(fbb977851785de14b8d9413f20150a5a) Importer(815301076,1909f56bfc062723c751e8b465ee728b)  -> (artifact id: 'ce036dea66b6b634b9613363079856be') in 0.041717 seconds 
========================================================================
Received Import Request.
  Time since last request: 0.000022 seconds.
  path: Assets/My Assets/UI/FOOD.png
  artifactKey: Guid(ee5b882859a866645b0d2dae81b7b0ae) Importer(815301076,1909f56bfc062723c751e8b465ee728b)
Start importing Assets/My Assets/UI/FOOD.png using Guid(ee5b882859a866645b0d2dae81b7b0ae) Importer(815301076,1909f56bfc062723c751e8b465ee728b)  -> (artifact id: 'bed46e3ab1b68a41ce51e8928e7c0e38') in 0.469525 seconds 
========================================================================
Received Import Request.
  Time since last request: 0.000041 seconds.
  path: Assets/My Assets/UI/chain.png
  artifactKey: Guid(bc75d761167f4a14fa6b0c69898f26e2) Importer(815301076,1909f56bfc062723c751e8b465ee728b)
Start importing Assets/My Assets/UI/chain.png using Guid(bc75d761167f4a14fa6b0c69898f26e2) Importer(815301076,1909f56bfc062723c751e8b465ee728b)  -> (artifact id: 'de7fe787a6207a90444adc88106158f2') in 0.010440 seconds 
========================================================================
Received Import Request.
  Time since last request: 0.000030 seconds.
  path: Assets/My Assets/UI/Knight Icon.png
  artifactKey: Guid(5f81943ed7d8d0a43b1a734144e9fbaa) Importer(815301076,1909f56bfc062723c751e8b465ee728b)
Start importing Assets/My Assets/UI/Knight Icon.png using Guid(5f81943ed7d8d0a43b1a734144e9fbaa) Importer(815301076,1909f56bfc062723c751e8b465ee728b)  -> (artifact id: 'f8452b800799a740087d2086322061d3') in 0.009597 seconds 
========================================================================
Received Import Request.
  Time since last request: 0.000033 seconds.
  path: Assets/My Assets/UI/Player Icon.png
  artifactKey: Guid(786d8138b27cd4f41affd689efa480a5) Importer(815301076,1909f56bfc062723c751e8b465ee728b)
Start importing Assets/My Assets/UI/Player Icon.png using Guid(786d8138b27cd4f41affd689efa480a5) Importer(815301076,1909f56bfc062723c751e8b465ee728b)  -> (artifact id: 'a1a740992ecb6a161ad84c88d740f0b8') in 0.017585 seconds 
========================================================================
Received Import Request.
  Time since last request: 0.000042 seconds.
  path: Assets/My Assets/UI/Inventory_9Slices.png
  artifactKey: Guid(f5849d848d566db4598dbff8c8e0a36f) Importer(815301076,1909f56bfc062723c751e8b465ee728b)
Start importing Assets/My Assets/UI/Inventory_9Slices.png using Guid(f5849d848d566db4598dbff8c8e0a36f) Importer(815301076,1909f56bfc062723c751e8b465ee728b)  -> (artifact id: 'a1068c23386a353f7aac3ded00ad92d7') in 0.010747 seconds 
========================================================================
Received Import Request.
  Time since last request: 0.000038 seconds.
  path: Assets/My Assets/UI/Skill Frame.png
  artifactKey: Guid(b66181866ae18624da355ba3c637a590) Importer(815301076,1909f56bfc062723c751e8b465ee728b)
Start importing Assets/My Assets/UI/Skill Frame.png using Guid(b66181866ae18624da355ba3c637a590) Importer(815301076,1909f56bfc062723c751e8b465ee728b)  -> (artifact id: '91dc03cc09e8a01419b460d456b1ce09') in 0.015332 seconds 
========================================================================
Received Import Request.
  Time since last request: 6.183918 seconds.
  path: Assets/My Assets/blood/boss icon.png
  artifactKey: Guid(39de258e49a3d3a48819c81cc9860893) Importer(815301076,1909f56bfc062723c751e8b465ee728b)
Start importing Assets/My Assets/blood/boss icon.png using Guid(39de258e49a3d3a48819c81cc9860893) Importer(815301076,1909f56bfc062723c751e8b465ee728b)  -> (artifact id: '73f0e1a8d5be60832958996acf2ae2ed') in 0.017291 seconds 
========================================================================
Received Import Request.
  Time since last request: 17.806925 seconds.
  path: Assets/My Assets/blood/Game UI collection FREE version/Elements-01_1_-removebg-preview.png
  artifactKey: Guid(7cf5ad54dff6f9847a35449dddd0b8e3) Importer(815301076,1909f56bfc062723c751e8b465ee728b)
Start importing Assets/My Assets/blood/Game UI collection FREE version/Elements-01_1_-removebg-preview.png using Guid(7cf5ad54dff6f9847a35449dddd0b8e3) Importer(815301076,1909f56bfc062723c751e8b465ee728b)  -> (artifact id: '0d9b6f6059c68114935ff2203aa80362') in 0.022484 seconds 
========================================================================
Received Import Request.
  Time since last request: 0.000031 seconds.
  path: Assets/My Assets/blood/Game UI collection FREE version/Icons-01.png
  artifactKey: Guid(1eec9799c2fc00146938fdd5d7e55f2b) Importer(815301076,1909f56bfc062723c751e8b465ee728b)
Start importing Assets/My Assets/blood/Game UI collection FREE version/Icons-01.png using Guid(1eec9799c2fc00146938fdd5d7e55f2b) Importer(815301076,1909f56bfc062723c751e8b465ee728b)  -> (artifact id: '4aac0d843e33c3cad2da398732ff9437') in 0.036298 seconds 
========================================================================
Received Import Request.
  Time since last request: 52.526700 seconds.
  path: Assets/Evn/Test Tile/middie slope.png
  artifactKey: Guid(3238c30b75c0fba47bc1993d67c625b1) Importer(815301076,1909f56bfc062723c751e8b465ee728b)
Start importing Assets/Evn/Test Tile/middie slope.png using Guid(3238c30b75c0fba47bc1993d67c625b1) Importer(815301076,1909f56bfc062723c751e8b465ee728b)  -> (artifact id: '90b1d3e8b7db09122e5992796932083b') in 0.180651 seconds 
========================================================================
Received Import Request.
  Time since last request: 0.000028 seconds.
  path: Assets/Evn/Test Tile/middle slope2.png
  artifactKey: Guid(25d0c6bc6b9a7704cbd210a2b987f635) Importer(815301076,1909f56bfc062723c751e8b465ee728b)
Start importing Assets/Evn/Test Tile/middle slope2.png using Guid(25d0c6bc6b9a7704cbd210a2b987f635) Importer(815301076,1909f56bfc062723c751e8b465ee728b)  -> (artifact id: 'b9ce8067181c20c147cb56b3f10c342f') in 0.011624 seconds 
Editor requested this worker to shutdown with reason: Scaling down because of idle timeout
AssetImportWorker is now disconnected from the server
Process exiting
Exiting without the bug reporter. Application will terminate with return code 0