Using pre-set license
Built from 'HEAD' branch; Version is '2021.3.16f1c1 (56dbfdd6697f) revision 5692413'; Using compiler version '192829333'; Build Type 'Release'
OS: 'Windows 10  (10.0.19045) 64bit CoreCountrySpecific' Language: 'zh' Physical Memory: 16222 MB
BatchMode: 1, IsHumanControllingUs: 0, StartBugReporterOnCrash: 0, Is64bit: 1, IsPro: 1

COMMAND LINE ARGUMENTS:
E:\UnityEditor\2021.3.16f1c1\Editor\Unity.exe
-adb2
-batchMode
-noUpm
-name
AssetImportWorker0
-projectPath
E:/UnityProject/FSMTest
-logFile
Logs/AssetImportWorker0.log
-srvPort
3719
Successfully changed project path to: E:/UnityProject/FSMTest
E:/UnityProject/FSMTest
[UnityMemory] Configuration Parameters - Can be set up in boot.config
    "memorysetup-bucket-allocator-granularity=16"
    "memorysetup-bucket-allocator-bucket-count=8"
    "memorysetup-bucket-allocator-block-size=33554432"
    "memorysetup-bucket-allocator-block-count=8"
    "memorysetup-main-allocator-block-size=16777216"
    "memorysetup-thread-allocator-block-size=16777216"
    "memorysetup-gfx-main-allocator-block-size=16777216"
    "memorysetup-gfx-thread-allocator-block-size=16777216"
    "memorysetup-cache-allocator-block-size=4194304"
    "memorysetup-typetree-allocator-block-size=2097152"
    "memorysetup-profiler-bucket-allocator-granularity=16"
    "memorysetup-profiler-bucket-allocator-bucket-count=8"
    "memorysetup-profiler-bucket-allocator-block-size=33554432"
    "memorysetup-profiler-bucket-allocator-block-count=8"
    "memorysetup-profiler-allocator-block-size=16777216"
    "memorysetup-profiler-editor-allocator-block-size=1048576"
    "memorysetup-temp-allocator-size-main=16777216"
    "memorysetup-job-temp-allocator-block-size=2097152"
    "memorysetup-job-temp-allocator-block-size-background=1048576"
    "memorysetup-job-temp-allocator-reduction-small-platforms=262144"
    "memorysetup-temp-allocator-size-background-worker=32768"
    "memorysetup-temp-allocator-size-job-worker=262144"
    "memorysetup-temp-allocator-size-preload-manager=33554432"
    "memorysetup-temp-allocator-size-nav-mesh-worker=65536"
    "memorysetup-temp-allocator-size-audio-worker=65536"
    "memorysetup-temp-allocator-size-cloud-worker=32768"
    "memorysetup-temp-allocator-size-gi-baking-worker=262144"
    "memorysetup-temp-allocator-size-gfx=262144"
Player connection [30944] Host "[IP] 192.168.244.1 [Port] 0 [Flags] 2 [Guid] 3752512866 [EditorId] 3752512866 [Version] 1048832 [Id] WindowsEditor(7,LAPTOP-3QKKJTNN) [Debug] 1 [PackageName] WindowsEditor [ProjectName] Editor" joined multi-casting on [225.0.0.222:54997]...

Player connection [30944] Host "[IP] 192.168.244.1 [Port] 0 [Flags] 2 [Guid] 3752512866 [EditorId] 3752512866 [Version] 1048832 [Id] WindowsEditor(7,LAPTOP-3QKKJTNN) [Debug] 1 [PackageName] WindowsEditor [ProjectName] Editor" joined alternative multi-casting on [225.0.0.222:34997]...

AS: AutoStreaming module initializing.
Refreshing native plugins compatible for Editor in 110.45 ms, found 4 plugins.
Preloading 0 native plugins for Editor in 0.00 ms.
Initialize engine version: 2021.3.16f1c1 (56dbfdd6697f)
[Subsystems] Discovering subsystems at path E:/UnityEditor/2021.3.16f1c1/Editor/Data/Resources/UnitySubsystems
[Subsystems] Discovering subsystems at path E:/UnityProject/FSMTest/Assets
GfxDevice: creating device client; threaded=0; jobified=0
Direct3D:
    Version:  Direct3D 11.0 [level 11.1]
    Renderer: NVIDIA GeForce RTX 2070 (ID=0x1f14)
    Vendor:   NVIDIA
    VRAM:     8019 MB
    Driver:   31.0.15.3699
Initialize mono
Mono path[0] = 'E:/UnityEditor/2021.3.16f1c1/Editor/Data/Managed'
Mono path[1] = 'E:/UnityEditor/2021.3.16f1c1/Editor/Data/MonoBleedingEdge/lib/mono/unityjit-win32'
Mono config path = 'E:/UnityEditor/2021.3.16f1c1/Editor/Data/MonoBleedingEdge/etc'
Using monoOptions --debugger-agent=transport=dt_socket,embedding=1,server=y,suspend=n,address=127.0.0.1:56232
Begin MonoManager ReloadAssembly
Registering precompiled unity dll's ...
Register platform support module: E:/UnityEditor/2021.3.16f1c1/Editor/Data/PlaybackEngines/WindowsStandaloneSupport/UnityEditor.WindowsStandalone.Extensions.dll
Registered in 0.004091 seconds.
Native extension for WindowsStandalone target not found
Refreshing native plugins compatible for Editor in 118.28 ms, found 4 plugins.
Preloading 0 native plugins for Editor in 0.00 ms.
Mono: successfully reloaded assembly
- Completed reload, in  0.744 seconds
Domain Reload Profiling:
	ReloadAssembly (744ms)
		BeginReloadAssembly (106ms)
			ExecutionOrderSort (0ms)
			DisableScriptedObjects (0ms)
			BackupInstance (0ms)
			ReleaseScriptingObjects (0ms)
			CreateAndSetChildDomain (1ms)
		EndReloadAssembly (510ms)
			LoadAssemblies (100ms)
			RebuildTransferFunctionScriptingTraits (0ms)
			SetupTypeCache (122ms)
			ReleaseScriptCaches (0ms)
			RebuildScriptCaches (31ms)
			SetupLoadedEditorAssemblies (295ms)
				LogAssemblyErrors (0ms)
				InitializePlatformSupportModulesInManaged (7ms)
				SetLoadedEditorAssemblies (0ms)
				RefreshPlugins (118ms)
				BeforeProcessingInitializeOnLoad (1ms)
				ProcessInitializeOnLoadAttributes (123ms)
				ProcessInitializeOnLoadMethodAttributes (46ms)
				AfterProcessingInitializeOnLoad (0ms)
				EditorAssembliesLoaded (0ms)
			ExecutionOrderSort2 (0ms)
			AwakeInstancesAfterBackupRestoration (0ms)
Platform modules already initialized, skipping
Registering precompiled user dll's ...
Registered in 0.019844 seconds.
Begin MonoManager ReloadAssembly
Symbol file LoadedFromMemory doesn't match image E:\UnityProject\FSMTest\Library\PackageCache\com.unity.visualscripting@1.7.8\Editor\VisualScripting.Core\Dependencies\YamlDotNet\Unity.VisualScripting.YamlDotNet.dll
Symbol file LoadedFromMemory doesn't match image E:\UnityProject\FSMTest\Library\PackageCache\com.unity.visualscripting@1.7.8\Editor\VisualScripting.Core\Dependencies\DotNetZip\Unity.VisualScripting.IonicZip.dll
Native extension for WindowsStandalone target not found
Refreshing native plugins compatible for Editor in 120.99 ms, found 4 plugins.
Preloading 0 native plugins for Editor in 0.00 ms.
Mono: successfully reloaded assembly
- Completed reload, in  1.359 seconds
Domain Reload Profiling:
	ReloadAssembly (1360ms)
		BeginReloadAssembly (128ms)
			ExecutionOrderSort (0ms)
			DisableScriptedObjects (6ms)
			BackupInstance (0ms)
			ReleaseScriptingObjects (0ms)
			CreateAndSetChildDomain (19ms)
		EndReloadAssembly (1093ms)
			LoadAssemblies (114ms)
			RebuildTransferFunctionScriptingTraits (0ms)
			SetupTypeCache (259ms)
			ReleaseScriptCaches (1ms)
			RebuildScriptCaches (72ms)
			SetupLoadedEditorAssemblies (584ms)
				LogAssemblyErrors (0ms)
				InitializePlatformSupportModulesInManaged (4ms)
				SetLoadedEditorAssemblies (0ms)
				RefreshPlugins (121ms)
				BeforeProcessingInitializeOnLoad (109ms)
				ProcessInitializeOnLoadAttributes (291ms)
				ProcessInitializeOnLoadMethodAttributes (46ms)
				AfterProcessingInitializeOnLoad (13ms)
				EditorAssembliesLoaded (0ms)
			ExecutionOrderSort2 (0ms)
			AwakeInstancesAfterBackupRestoration (9ms)
Platform modules already initialized, skipping
========================================================================
Worker process is ready to serve import requests
Launched and connected shader compiler UnityShaderCompiler.exe after 0.17 seconds
Refreshing native plugins compatible for Editor in 0.79 ms, found 4 plugins.
Preloading 0 native plugins for Editor in 0.00 ms.
Unloading 4244 Unused Serialized files (Serialized files now loaded: 0)
Unloading 59 unused Assets / (300.2 KB). Loaded Objects now: 4699.
Memory consumption went from 162.9 MB to 162.6 MB.
Total: 3.620500 ms (FindLiveObjects: 0.466900 ms CreateObjectMapping: 0.341800 ms MarkObjects: 2.646100 ms  DeleteObjects: 0.164700 ms)

AssetImportParameters requested are different than current active one (requested -> active):
  custom:video-decoder-ogg-theora: a1e56fd34408186e4bbccfd4996cb3dc -> 
  custom:container-muxer-webm: aa71ff27fc2769a1b78a27578f13a17b -> 
  custom:container-demuxer-webm: 4f35f7cbe854078d1ac9338744f61a02 -> 
  custom:video-encoder-webm-vp8: eb34c28f22e8b96e1ab97ce403110664 -> 
  custom:video-codec-MediaFoundation-h265: 746d11721c4dcdbdad8f713fa42b33f4 -> 
  custom:audio-encoder-webm-vorbis: bf7c407c2cedff20999df2af8eb42d56 -> 
  custom:framework-win-MediaFoundation: 216162199b28c13a410421893ffa2e32 -> 
  custom:container-demuxer-ogg: 62fdf1f143b41e24485cea50d1cbac27 -> 
  custom:video-decoder-webm-vp8: 9c59270c3fd7afecdb556c50c9e8de78 -> 
  custom:audio-decoder-ogg-vorbis: bf7c407c2cedff20999df2af8eb42d56 -> 
========================================================================
Received Import Request.
  Time since last request: 349224.647406 seconds.
  path: Assets/Resources/Prefabs/Panel/Player Info.prefab
  artifactKey: Guid(ebac0c942b777684eb63cc016b7eb761) Importer(815301076,1909f56bfc062723c751e8b465ee728b)
Start importing Assets/Resources/Prefabs/Panel/Player Info.prefab using Guid(ebac0c942b777684eb63cc016b7eb761) Importer(815301076,1909f56bfc062723c751e8b465ee728b)  -> (artifact id: '0374ed7f938d5073342461af969b1ee2') in 0.054080 seconds 
========================================================================
Received Import Request.
  Time since last request: 4.753062 seconds.
  path: Assets/Resources/Prefabs/Panel/Player Info.prefab
  artifactKey: Guid(ebac0c942b777684eb63cc016b7eb761) Importer(815301076,1909f56bfc062723c751e8b465ee728b)
Start importing Assets/Resources/Prefabs/Panel/Player Info.prefab using Guid(ebac0c942b777684eb63cc016b7eb761) Importer(815301076,1909f56bfc062723c751e8b465ee728b)  -> (artifact id: '3b9a2efddaee7c87d30e431b436980c1') in 0.010980 seconds 
========================================================================
Received Import Request.
  Time since last request: 14.868941 seconds.
  path: Assets/Resources/Prefabs/Panel/Player Info.prefab
  artifactKey: Guid(ebac0c942b777684eb63cc016b7eb761) Importer(815301076,1909f56bfc062723c751e8b465ee728b)
Start importing Assets/Resources/Prefabs/Panel/Player Info.prefab using Guid(ebac0c942b777684eb63cc016b7eb761) Importer(815301076,1909f56bfc062723c751e8b465ee728b)  -> (artifact id: 'a6662b56f914a195526f7e013499c36d') in 0.008921 seconds 
========================================================================
Received Import Request.
  Time since last request: 3.410557 seconds.
  path: Assets/Resources/Prefabs/Panel/Player Info.prefab
  artifactKey: Guid(ebac0c942b777684eb63cc016b7eb761) Importer(815301076,1909f56bfc062723c751e8b465ee728b)
Start importing Assets/Resources/Prefabs/Panel/Player Info.prefab using Guid(ebac0c942b777684eb63cc016b7eb761) Importer(815301076,1909f56bfc062723c751e8b465ee728b)  -> (artifact id: '976966dccf70091074cf21d927f1a2e3') in 0.008703 seconds 
========================================================================
Received Import Request.
  Time since last request: 4.186537 seconds.
  path: Assets/Resources/Prefabs/Panel/Player Info.prefab
  artifactKey: Guid(ebac0c942b777684eb63cc016b7eb761) Importer(815301076,1909f56bfc062723c751e8b465ee728b)
Start importing Assets/Resources/Prefabs/Panel/Player Info.prefab using Guid(ebac0c942b777684eb63cc016b7eb761) Importer(815301076,1909f56bfc062723c751e8b465ee728b)  -> (artifact id: '441dc8538c7d5e337153bbe38090851b') in 0.008932 seconds 
========================================================================
Received Import Request.
  Time since last request: 5.982855 seconds.
  path: Assets/Resources/Prefabs/Panel/Player Info.prefab
  artifactKey: Guid(ebac0c942b777684eb63cc016b7eb761) Importer(815301076,1909f56bfc062723c751e8b465ee728b)
Start importing Assets/Resources/Prefabs/Panel/Player Info.prefab using Guid(ebac0c942b777684eb63cc016b7eb761) Importer(815301076,1909f56bfc062723c751e8b465ee728b)  -> (artifact id: '8006793225bbacc1952e43ba5c17121d') in 0.009768 seconds 
========================================================================
Received Import Request.
  Time since last request: 5.613121 seconds.
  path: Assets/Resources/Prefabs/Panel/Player Info.prefab
  artifactKey: Guid(ebac0c942b777684eb63cc016b7eb761) Importer(815301076,1909f56bfc062723c751e8b465ee728b)
Start importing Assets/Resources/Prefabs/Panel/Player Info.prefab using Guid(ebac0c942b777684eb63cc016b7eb761) Importer(815301076,1909f56bfc062723c751e8b465ee728b)  -> (artifact id: '20aa600e14afd2edb2e3440a07d8d003') in 0.009033 seconds 
========================================================================
Received Import Request.
  Time since last request: 3.377181 seconds.
  path: Assets/Resources/Prefabs/Panel/Player Info.prefab
  artifactKey: Guid(ebac0c942b777684eb63cc016b7eb761) Importer(815301076,1909f56bfc062723c751e8b465ee728b)
Start importing Assets/Resources/Prefabs/Panel/Player Info.prefab using Guid(ebac0c942b777684eb63cc016b7eb761) Importer(815301076,1909f56bfc062723c751e8b465ee728b)  -> (artifact id: '68d067e06accc7f1a6a004ab50278d02') in 0.008092 seconds 
========================================================================
Received Import Request.
  Time since last request: 7.453848 seconds.
  path: Assets/Resources/Prefabs/Panel/Player Info.prefab
  artifactKey: Guid(ebac0c942b777684eb63cc016b7eb761) Importer(815301076,1909f56bfc062723c751e8b465ee728b)
Start importing Assets/Resources/Prefabs/Panel/Player Info.prefab using Guid(ebac0c942b777684eb63cc016b7eb761) Importer(815301076,1909f56bfc062723c751e8b465ee728b)  -> (artifact id: '1ec8e456da420ca8b279ab047a1ab1c2') in 0.009581 seconds 
========================================================================
Received Import Request.
  Time since last request: 18.935836 seconds.
  path: Assets/Resources/Prefabs/Panel/Player Info.prefab
  artifactKey: Guid(ebac0c942b777684eb63cc016b7eb761) Importer(815301076,1909f56bfc062723c751e8b465ee728b)
Start importing Assets/Resources/Prefabs/Panel/Player Info.prefab using Guid(ebac0c942b777684eb63cc016b7eb761) Importer(815301076,1909f56bfc062723c751e8b465ee728b)  -> (artifact id: 'da8f865daf6bf48681f4bf4c4b916bb1') in 0.011111 seconds 
========================================================================
Received Import Request.
  Time since last request: 24.739876 seconds.
  path: Assets/Resources/Prefabs/Panel/Player Info.prefab
  artifactKey: Guid(ebac0c942b777684eb63cc016b7eb761) Importer(815301076,1909f56bfc062723c751e8b465ee728b)
Start importing Assets/Resources/Prefabs/Panel/Player Info.prefab using Guid(ebac0c942b777684eb63cc016b7eb761) Importer(815301076,1909f56bfc062723c751e8b465ee728b)  -> (artifact id: '646a8451c73ec418a579ba365a438b01') in 0.011684 seconds 
========================================================================
Received Import Request.
  Time since last request: 7.259815 seconds.
  path: Assets/Resources/Prefabs/Panel/Player Info.prefab
  artifactKey: Guid(ebac0c942b777684eb63cc016b7eb761) Importer(815301076,1909f56bfc062723c751e8b465ee728b)
Start importing Assets/Resources/Prefabs/Panel/Player Info.prefab using Guid(ebac0c942b777684eb63cc016b7eb761) Importer(815301076,1909f56bfc062723c751e8b465ee728b)  -> (artifact id: '7b960eba2a6038a1a39953d2f8b931a2') in 0.008850 seconds 
========================================================================
Received Import Request.
  Time since last request: 13.815389 seconds.
  path: Assets/Resources/Prefabs/Panel/Player Info.prefab
  artifactKey: Guid(ebac0c942b777684eb63cc016b7eb761) Importer(815301076,1909f56bfc062723c751e8b465ee728b)
Start importing Assets/Resources/Prefabs/Panel/Player Info.prefab using Guid(ebac0c942b777684eb63cc016b7eb761) Importer(815301076,1909f56bfc062723c751e8b465ee728b)  -> (artifact id: '725e58ab30e7337510f02361719c0b1c') in 0.009395 seconds 
========================================================================
Received Import Request.
  Time since last request: 2.192495 seconds.
  path: Assets/Resources/Prefabs/Panel/Player Info.prefab
  artifactKey: Guid(ebac0c942b777684eb63cc016b7eb761) Importer(815301076,1909f56bfc062723c751e8b465ee728b)
Start importing Assets/Resources/Prefabs/Panel/Player Info.prefab using Guid(ebac0c942b777684eb63cc016b7eb761) Importer(815301076,1909f56bfc062723c751e8b465ee728b)  -> (artifact id: '98e54d793e73f034d296b5d564342941') in 0.009342 seconds 
========================================================================
Received Import Request.
  Time since last request: 1.612908 seconds.
  path: Assets/Resources/Prefabs/Panel/Player Info.prefab
  artifactKey: Guid(ebac0c942b777684eb63cc016b7eb761) Importer(815301076,1909f56bfc062723c751e8b465ee728b)
Start importing Assets/Resources/Prefabs/Panel/Player Info.prefab using Guid(ebac0c942b777684eb63cc016b7eb761) Importer(815301076,1909f56bfc062723c751e8b465ee728b)  -> (artifact id: '87e0373b01614bb872f3be7b5213c22e') in 0.009877 seconds 
========================================================================
Received Import Request.
  Time since last request: 2.565256 seconds.
  path: Assets/Resources/Prefabs/Panel/Player Info.prefab
  artifactKey: Guid(ebac0c942b777684eb63cc016b7eb761) Importer(815301076,1909f56bfc062723c751e8b465ee728b)
Start importing Assets/Resources/Prefabs/Panel/Player Info.prefab using Guid(ebac0c942b777684eb63cc016b7eb761) Importer(815301076,1909f56bfc062723c751e8b465ee728b)  -> (artifact id: 'f3370ab2c13fb72b920b7cbe10762519') in 0.008372 seconds 
========================================================================
Received Import Request.
  Time since last request: 7.984110 seconds.
  path: Assets/Resources/Prefabs/Panel/Player Info.prefab
  artifactKey: Guid(ebac0c942b777684eb63cc016b7eb761) Importer(815301076,1909f56bfc062723c751e8b465ee728b)
Start importing Assets/Resources/Prefabs/Panel/Player Info.prefab using Guid(ebac0c942b777684eb63cc016b7eb761) Importer(815301076,1909f56bfc062723c751e8b465ee728b)  -> (artifact id: 'abe4e2361b49ac7d590648c40fda5404') in 0.009188 seconds 
========================================================================
Received Import Request.
  Time since last request: 2.855512 seconds.
  path: Assets/Resources/Prefabs/Panel/Player Info.prefab
  artifactKey: Guid(ebac0c942b777684eb63cc016b7eb761) Importer(815301076,1909f56bfc062723c751e8b465ee728b)
Start importing Assets/Resources/Prefabs/Panel/Player Info.prefab using Guid(ebac0c942b777684eb63cc016b7eb761) Importer(815301076,1909f56bfc062723c751e8b465ee728b)  -> (artifact id: '23bc0782280143f891b943e112917d3c') in 0.010037 seconds 
========================================================================
Received Import Request.
  Time since last request: 18.412800 seconds.
  path: Assets/Resources/Prefabs/Panel/Player Info.prefab
  artifactKey: Guid(ebac0c942b777684eb63cc016b7eb761) Importer(815301076,1909f56bfc062723c751e8b465ee728b)
Start importing Assets/Resources/Prefabs/Panel/Player Info.prefab using Guid(ebac0c942b777684eb63cc016b7eb761) Importer(815301076,1909f56bfc062723c751e8b465ee728b)  -> (artifact id: 'bd6af27f1a46499d3f9f3fe06de0eec4') in 0.008544 seconds 
========================================================================
Received Import Request.
  Time since last request: 13.413560 seconds.
  path: Assets/Resources/Prefabs/Panel/Player Info.prefab
  artifactKey: Guid(ebac0c942b777684eb63cc016b7eb761) Importer(815301076,1909f56bfc062723c751e8b465ee728b)
Start importing Assets/Resources/Prefabs/Panel/Player Info.prefab using Guid(ebac0c942b777684eb63cc016b7eb761) Importer(815301076,1909f56bfc062723c751e8b465ee728b)  -> (artifact id: 'a9d4a8222ad8a61510bb09fb6b2365dc') in 0.008879 seconds 
========================================================================
Received Import Request.
  Time since last request: 3.571355 seconds.
  path: Assets/Resources/Prefabs/Panel/Player Info.prefab
  artifactKey: Guid(ebac0c942b777684eb63cc016b7eb761) Importer(815301076,1909f56bfc062723c751e8b465ee728b)
Start importing Assets/Resources/Prefabs/Panel/Player Info.prefab using Guid(ebac0c942b777684eb63cc016b7eb761) Importer(815301076,1909f56bfc062723c751e8b465ee728b)  -> (artifact id: 'f6c3bcef2e4768f91761c7470c4e8c6f') in 0.010567 seconds 
========================================================================
Received Import Request.
  Time since last request: 4.365195 seconds.
  path: Assets/Resources/Prefabs/Panel/Player Info.prefab
  artifactKey: Guid(ebac0c942b777684eb63cc016b7eb761) Importer(815301076,1909f56bfc062723c751e8b465ee728b)
Start importing Assets/Resources/Prefabs/Panel/Player Info.prefab using Guid(ebac0c942b777684eb63cc016b7eb761) Importer(815301076,1909f56bfc062723c751e8b465ee728b)  -> (artifact id: 'a1676a77f1deef7844804df7bd4ed7b5') in 0.008420 seconds 
========================================================================
Received Import Request.
  Time since last request: 7.843624 seconds.
  path: Assets/Resources/Prefabs/Panel/Player Info.prefab
  artifactKey: Guid(ebac0c942b777684eb63cc016b7eb761) Importer(815301076,1909f56bfc062723c751e8b465ee728b)
Start importing Assets/Resources/Prefabs/Panel/Player Info.prefab using Guid(ebac0c942b777684eb63cc016b7eb761) Importer(815301076,1909f56bfc062723c751e8b465ee728b)  -> (artifact id: 'c9ee52351441aad8980a9666b5e699ae') in 0.008642 seconds 
========================================================================
Received Import Request.
  Time since last request: 2.324753 seconds.
  path: Assets/Resources/Prefabs/Panel/Player Info.prefab
  artifactKey: Guid(ebac0c942b777684eb63cc016b7eb761) Importer(815301076,1909f56bfc062723c751e8b465ee728b)
Start importing Assets/Resources/Prefabs/Panel/Player Info.prefab using Guid(ebac0c942b777684eb63cc016b7eb761) Importer(815301076,1909f56bfc062723c751e8b465ee728b)  -> (artifact id: 'dd3c4795c0b1066a30e243586d3a8eba') in 0.008068 seconds 
========================================================================
Received Import Request.
  Time since last request: 6.464441 seconds.
  path: Assets/Resources/Prefabs/Panel/Player Info.prefab
  artifactKey: Guid(ebac0c942b777684eb63cc016b7eb761) Importer(815301076,1909f56bfc062723c751e8b465ee728b)
Start importing Assets/Resources/Prefabs/Panel/Player Info.prefab using Guid(ebac0c942b777684eb63cc016b7eb761) Importer(815301076,1909f56bfc062723c751e8b465ee728b)  -> (artifact id: '6d2bdccfae6b1c07dec17ad5a4f079d0') in 0.008347 seconds 
========================================================================
Received Import Request.
  Time since last request: 2.034554 seconds.
  path: Assets/Resources/Prefabs/Panel/Player Info.prefab
  artifactKey: Guid(ebac0c942b777684eb63cc016b7eb761) Importer(815301076,1909f56bfc062723c751e8b465ee728b)
Start importing Assets/Resources/Prefabs/Panel/Player Info.prefab using Guid(ebac0c942b777684eb63cc016b7eb761) Importer(815301076,1909f56bfc062723c751e8b465ee728b)  -> (artifact id: '0ffad98a36a836ac8adce3503cddd335') in 0.009806 seconds 
========================================================================
Received Import Request.
  Time since last request: 9.275331 seconds.
  path: Assets/Resources/Prefabs/Panel/Player Info.prefab
  artifactKey: Guid(ebac0c942b777684eb63cc016b7eb761) Importer(815301076,1909f56bfc062723c751e8b465ee728b)
Start importing Assets/Resources/Prefabs/Panel/Player Info.prefab using Guid(ebac0c942b777684eb63cc016b7eb761) Importer(815301076,1909f56bfc062723c751e8b465ee728b)  -> (artifact id: '0ab99b2ff8ac371caba506ec6aa5c5fd') in 0.009543 seconds 
========================================================================
Received Import Request.
  Time since last request: 12.229630 seconds.
  path: Assets/Resources/Prefabs/Panel/Player Info.prefab
  artifactKey: Guid(ebac0c942b777684eb63cc016b7eb761) Importer(815301076,1909f56bfc062723c751e8b465ee728b)
Start importing Assets/Resources/Prefabs/Panel/Player Info.prefab using Guid(ebac0c942b777684eb63cc016b7eb761) Importer(815301076,1909f56bfc062723c751e8b465ee728b)  -> (artifact id: '0cbf67d9c3cf516db7f20895ad9f9a80') in 0.008260 seconds 
========================================================================
Received Import Request.
  Time since last request: 3.788796 seconds.
  path: Assets/Resources/Prefabs/Panel/Player Info.prefab
  artifactKey: Guid(ebac0c942b777684eb63cc016b7eb761) Importer(815301076,1909f56bfc062723c751e8b465ee728b)
Start importing Assets/Resources/Prefabs/Panel/Player Info.prefab using Guid(ebac0c942b777684eb63cc016b7eb761) Importer(815301076,1909f56bfc062723c751e8b465ee728b)  -> (artifact id: '57fe5a75eb44c5a74e7e61c6f606d484') in 0.009428 seconds 
========================================================================
Received Import Request.
  Time since last request: 4.405874 seconds.
  path: Assets/Resources/Prefabs/Panel/Player Info.prefab
  artifactKey: Guid(ebac0c942b777684eb63cc016b7eb761) Importer(815301076,1909f56bfc062723c751e8b465ee728b)
Start importing Assets/Resources/Prefabs/Panel/Player Info.prefab using Guid(ebac0c942b777684eb63cc016b7eb761) Importer(815301076,1909f56bfc062723c751e8b465ee728b)  -> (artifact id: '244e5a79b44529a383964336fcddc366') in 0.009320 seconds 
========================================================================
Received Prepare
Registering precompiled user dll's ...
Registered in 0.017773 seconds.
Begin MonoManager ReloadAssembly
Symbol file LoadedFromMemory doesn't match image E:\UnityProject\FSMTest\Library\PackageCache\com.unity.visualscripting@1.7.8\Editor\VisualScripting.Core\Dependencies\YamlDotNet\Unity.VisualScripting.YamlDotNet.dll
Symbol file LoadedFromMemory doesn't match image E:\UnityProject\FSMTest\Library\PackageCache\com.unity.visualscripting@1.7.8\Editor\VisualScripting.Core\Dependencies\DotNetZip\Unity.VisualScripting.IonicZip.dll
Native extension for WindowsStandalone target not found
Refreshing native plugins compatible for Editor in 0.89 ms, found 4 plugins.
Preloading 0 native plugins for Editor in 0.00 ms.
Mono: successfully reloaded assembly
- Completed reload, in  1.315 seconds
Domain Reload Profiling:
	ReloadAssembly (1316ms)
		BeginReloadAssembly (191ms)
			ExecutionOrderSort (0ms)
			DisableScriptedObjects (10ms)
			BackupInstance (0ms)
			ReleaseScriptingObjects (0ms)
			CreateAndSetChildDomain (53ms)
		EndReloadAssembly (998ms)
			LoadAssemblies (126ms)
			RebuildTransferFunctionScriptingTraits (0ms)
			SetupTypeCache (331ms)
			ReleaseScriptCaches (2ms)
			RebuildScriptCaches (52ms)
			SetupLoadedEditorAssemblies (430ms)
				LogAssemblyErrors (0ms)
				InitializePlatformSupportModulesInManaged (13ms)
				SetLoadedEditorAssemblies (1ms)
				RefreshPlugins (1ms)
				BeforeProcessingInitializeOnLoad (93ms)
				ProcessInitializeOnLoadAttributes (262ms)
				ProcessInitializeOnLoadMethodAttributes (41ms)
				AfterProcessingInitializeOnLoad (19ms)
				EditorAssembliesLoaded (0ms)
			ExecutionOrderSort2 (0ms)
			AwakeInstancesAfterBackupRestoration (14ms)
Platform modules already initialized, skipping
Refreshing native plugins compatible for Editor in 3.79 ms, found 4 plugins.
Preloading 0 native plugins for Editor in 0.00 ms.
Unloading 4239 Unused Serialized files (Serialized files now loaded: 0)
Unloading 34 unused Assets / (266.5 KB). Loaded Objects now: 4715.
Memory consumption went from 162.9 MB to 162.6 MB.
Total: 3.956700 ms (FindLiveObjects: 0.739100 ms CreateObjectMapping: 0.276000 ms MarkObjects: 2.784800 ms  DeleteObjects: 0.155700 ms)

AssetImportParameters requested are different than current active one (requested -> active):
  custom:video-decoder-ogg-theora: a1e56fd34408186e4bbccfd4996cb3dc -> 
  custom:container-muxer-webm: aa71ff27fc2769a1b78a27578f13a17b -> 
  custom:container-demuxer-webm: 4f35f7cbe854078d1ac9338744f61a02 -> 
  custom:video-encoder-webm-vp8: eb34c28f22e8b96e1ab97ce403110664 -> 
  custom:video-codec-MediaFoundation-h265: 746d11721c4dcdbdad8f713fa42b33f4 -> 
  custom:audio-encoder-webm-vorbis: bf7c407c2cedff20999df2af8eb42d56 -> 
  custom:framework-win-MediaFoundation: 216162199b28c13a410421893ffa2e32 -> 
  custom:container-demuxer-ogg: 62fdf1f143b41e24485cea50d1cbac27 -> 
  custom:video-decoder-webm-vp8: 9c59270c3fd7afecdb556c50c9e8de78 -> 
  custom:audio-decoder-ogg-vorbis: bf7c407c2cedff20999df2af8eb42d56 -> 
========================================================================
Received Import Request.
  Time since last request: 40.468149 seconds.
  path: Assets/Resources/Prefabs/Panel/Player Info.prefab
  artifactKey: Guid(ebac0c942b777684eb63cc016b7eb761) Importer(815301076,1909f56bfc062723c751e8b465ee728b)
Start importing Assets/Resources/Prefabs/Panel/Player Info.prefab using Guid(ebac0c942b777684eb63cc016b7eb761) Importer(815301076,1909f56bfc062723c751e8b465ee728b)  -> (artifact id: 'd7b1495b391bb57f96ae61573ae0ea4d') in 0.043534 seconds 
========================================================================
Received Import Request.
  Time since last request: 3.408846 seconds.
  path: Assets/Resources/Prefabs/Panel/Player Info.prefab
  artifactKey: Guid(ebac0c942b777684eb63cc016b7eb761) Importer(815301076,1909f56bfc062723c751e8b465ee728b)
Start importing Assets/Resources/Prefabs/Panel/Player Info.prefab using Guid(ebac0c942b777684eb63cc016b7eb761) Importer(815301076,1909f56bfc062723c751e8b465ee728b)  -> (artifact id: '3b63a15ddc6e27e103f9c621cf955e45') in 0.008564 seconds 
========================================================================
Received Import Request.
  Time since last request: 6.202418 seconds.
  path: Assets/Resources/Prefabs/Panel/Player Info.prefab
  artifactKey: Guid(ebac0c942b777684eb63cc016b7eb761) Importer(815301076,1909f56bfc062723c751e8b465ee728b)
Start importing Assets/Resources/Prefabs/Panel/Player Info.prefab using Guid(ebac0c942b777684eb63cc016b7eb761) Importer(815301076,1909f56bfc062723c751e8b465ee728b)  -> (artifact id: '0fd383c513e421add63e6817e3791452') in 0.008977 seconds 
========================================================================
Received Import Request.
  Time since last request: 3.172735 seconds.
  path: Assets/Resources/Prefabs/Panel/Player Info.prefab
  artifactKey: Guid(ebac0c942b777684eb63cc016b7eb761) Importer(815301076,1909f56bfc062723c751e8b465ee728b)
Start importing Assets/Resources/Prefabs/Panel/Player Info.prefab using Guid(ebac0c942b777684eb63cc016b7eb761) Importer(815301076,1909f56bfc062723c751e8b465ee728b)  -> (artifact id: '644fef8436303c309bc5b9b50c474805') in 0.009025 seconds 
========================================================================
Received Import Request.
  Time since last request: 3.955534 seconds.
  path: Assets/Resources/Prefabs/Panel/Player Info.prefab
  artifactKey: Guid(ebac0c942b777684eb63cc016b7eb761) Importer(815301076,1909f56bfc062723c751e8b465ee728b)
Start importing Assets/Resources/Prefabs/Panel/Player Info.prefab using Guid(ebac0c942b777684eb63cc016b7eb761) Importer(815301076,1909f56bfc062723c751e8b465ee728b)  -> (artifact id: '80b879dbd09881ccb1c6b66ceeb099d9') in 0.008106 seconds 
========================================================================
Received Import Request.
  Time since last request: 7.110252 seconds.
  path: Assets/Resources/Prefabs/Panel/Player Info.prefab
  artifactKey: Guid(ebac0c942b777684eb63cc016b7eb761) Importer(815301076,1909f56bfc062723c751e8b465ee728b)
Start importing Assets/Resources/Prefabs/Panel/Player Info.prefab using Guid(ebac0c942b777684eb63cc016b7eb761) Importer(815301076,1909f56bfc062723c751e8b465ee728b)  -> (artifact id: '59b5fa95883e32cfc494ab891aa0a571') in 0.009930 seconds 
========================================================================
Received Import Request.
  Time since last request: 4.949407 seconds.
  path: Assets/Resources/Prefabs/Panel/Player Info.prefab
  artifactKey: Guid(ebac0c942b777684eb63cc016b7eb761) Importer(815301076,1909f56bfc062723c751e8b465ee728b)
Start importing Assets/Resources/Prefabs/Panel/Player Info.prefab using Guid(ebac0c942b777684eb63cc016b7eb761) Importer(815301076,1909f56bfc062723c751e8b465ee728b)  -> (artifact id: '27ddb51d1c8cb073684b31d104c6e845') in 0.011880 seconds 
========================================================================
Received Import Request.
  Time since last request: 1.835771 seconds.
  path: Assets/Resources/Prefabs/Panel/Player Info.prefab
  artifactKey: Guid(ebac0c942b777684eb63cc016b7eb761) Importer(815301076,1909f56bfc062723c751e8b465ee728b)
Start importing Assets/Resources/Prefabs/Panel/Player Info.prefab using Guid(ebac0c942b777684eb63cc016b7eb761) Importer(815301076,1909f56bfc062723c751e8b465ee728b)  -> (artifact id: 'b38347cd643fabb9954369881cdb660d') in 0.011763 seconds 
========================================================================
Received Import Request.
  Time since last request: 4.424055 seconds.
  path: Assets/Resources/Prefabs/Panel/Player Info.prefab
  artifactKey: Guid(ebac0c942b777684eb63cc016b7eb761) Importer(815301076,1909f56bfc062723c751e8b465ee728b)
Start importing Assets/Resources/Prefabs/Panel/Player Info.prefab using Guid(ebac0c942b777684eb63cc016b7eb761) Importer(815301076,1909f56bfc062723c751e8b465ee728b)  -> (artifact id: '99468c92aa3810c52ab87e4b558f0b97') in 0.008524 seconds 
========================================================================
Received Import Request.
  Time since last request: 7.425505 seconds.
  path: Assets/Resources/Prefabs/Panel/Player Info.prefab
  artifactKey: Guid(ebac0c942b777684eb63cc016b7eb761) Importer(815301076,1909f56bfc062723c751e8b465ee728b)
Start importing Assets/Resources/Prefabs/Panel/Player Info.prefab using Guid(ebac0c942b777684eb63cc016b7eb761) Importer(815301076,1909f56bfc062723c751e8b465ee728b)  -> (artifact id: '4ad50ac035517d0fec4b8dde2e5590b8') in 0.009080 seconds 
========================================================================
Received Import Request.
  Time since last request: 3.318902 seconds.
  path: Assets/Resources/Prefabs/Panel/Player Info.prefab
  artifactKey: Guid(ebac0c942b777684eb63cc016b7eb761) Importer(815301076,1909f56bfc062723c751e8b465ee728b)
Start importing Assets/Resources/Prefabs/Panel/Player Info.prefab using Guid(ebac0c942b777684eb63cc016b7eb761) Importer(815301076,1909f56bfc062723c751e8b465ee728b)  -> (artifact id: 'a1e9b99808d8a179de03396f4725e832') in 0.008507 seconds 
========================================================================
Received Prepare
Registering precompiled user dll's ...
Registered in 0.018729 seconds.
Begin MonoManager ReloadAssembly
Symbol file LoadedFromMemory doesn't match image E:\UnityProject\FSMTest\Library\PackageCache\com.unity.visualscripting@1.7.8\Editor\VisualScripting.Core\Dependencies\YamlDotNet\Unity.VisualScripting.YamlDotNet.dll
Symbol file LoadedFromMemory doesn't match image E:\UnityProject\FSMTest\Library\PackageCache\com.unity.visualscripting@1.7.8\Editor\VisualScripting.Core\Dependencies\DotNetZip\Unity.VisualScripting.IonicZip.dll
Native extension for WindowsStandalone target not found
Refreshing native plugins compatible for Editor in 0.87 ms, found 4 plugins.
Preloading 0 native plugins for Editor in 0.00 ms.
Mono: successfully reloaded assembly
- Completed reload, in  1.267 seconds
Domain Reload Profiling:
	ReloadAssembly (1268ms)
		BeginReloadAssembly (177ms)
			ExecutionOrderSort (0ms)
			DisableScriptedObjects (7ms)
			BackupInstance (0ms)
			ReleaseScriptingObjects (0ms)
			CreateAndSetChildDomain (45ms)
		EndReloadAssembly (956ms)
			LoadAssemblies (137ms)
			RebuildTransferFunctionScriptingTraits (0ms)
			SetupTypeCache (282ms)
			ReleaseScriptCaches (2ms)
			RebuildScriptCaches (59ms)
			SetupLoadedEditorAssemblies (425ms)
				LogAssemblyErrors (0ms)
				InitializePlatformSupportModulesInManaged (13ms)
				SetLoadedEditorAssemblies (1ms)
				RefreshPlugins (1ms)
				BeforeProcessingInitializeOnLoad (95ms)
				ProcessInitializeOnLoadAttributes (260ms)
				ProcessInitializeOnLoadMethodAttributes (41ms)
				AfterProcessingInitializeOnLoad (14ms)
				EditorAssembliesLoaded (0ms)
			ExecutionOrderSort2 (0ms)
			AwakeInstancesAfterBackupRestoration (14ms)
Platform modules already initialized, skipping
Refreshing native plugins compatible for Editor in 5.49 ms, found 4 plugins.
Preloading 0 native plugins for Editor in 0.00 ms.
Unloading 4239 Unused Serialized files (Serialized files now loaded: 0)
Unloading 34 unused Assets / (266.7 KB). Loaded Objects now: 4730.
Memory consumption went from 162.9 MB to 162.6 MB.
Total: 3.400000 ms (FindLiveObjects: 0.400800 ms CreateObjectMapping: 0.241100 ms MarkObjects: 2.570000 ms  DeleteObjects: 0.186900 ms)

AssetImportParameters requested are different than current active one (requested -> active):
  custom:video-decoder-ogg-theora: a1e56fd34408186e4bbccfd4996cb3dc -> 
  custom:container-muxer-webm: aa71ff27fc2769a1b78a27578f13a17b -> 
  custom:container-demuxer-webm: 4f35f7cbe854078d1ac9338744f61a02 -> 
  custom:video-encoder-webm-vp8: eb34c28f22e8b96e1ab97ce403110664 -> 
  custom:video-codec-MediaFoundation-h265: 746d11721c4dcdbdad8f713fa42b33f4 -> 
  custom:audio-encoder-webm-vorbis: bf7c407c2cedff20999df2af8eb42d56 -> 
  custom:framework-win-MediaFoundation: 216162199b28c13a410421893ffa2e32 -> 
  custom:container-demuxer-ogg: 62fdf1f143b41e24485cea50d1cbac27 -> 
  custom:video-decoder-webm-vp8: 9c59270c3fd7afecdb556c50c9e8de78 -> 
  custom:audio-decoder-ogg-vorbis: bf7c407c2cedff20999df2af8eb42d56 -> 
========================================================================
Received Import Request.
  Time since last request: 104.809939 seconds.
  path: Assets/Resources/Prefabs/Panel/Player Info.prefab
  artifactKey: Guid(ebac0c942b777684eb63cc016b7eb761) Importer(815301076,1909f56bfc062723c751e8b465ee728b)
Start importing Assets/Resources/Prefabs/Panel/Player Info.prefab using Guid(ebac0c942b777684eb63cc016b7eb761) Importer(815301076,1909f56bfc062723c751e8b465ee728b)  -> (artifact id: 'd443875581019b5b361839939643635d') in 0.042896 seconds 
========================================================================
Received Import Request.
  Time since last request: 5.781935 seconds.
  path: Assets/Resources/Prefabs/Panel/Player Info.prefab
  artifactKey: Guid(ebac0c942b777684eb63cc016b7eb761) Importer(815301076,1909f56bfc062723c751e8b465ee728b)
Start importing Assets/Resources/Prefabs/Panel/Player Info.prefab using Guid(ebac0c942b777684eb63cc016b7eb761) Importer(815301076,1909f56bfc062723c751e8b465ee728b)  -> (artifact id: '4b6c9bbffd6d8d0acfd86207b20b2b43') in 0.008682 seconds 
========================================================================
Received Import Request.
  Time since last request: 8.431822 seconds.
  path: Assets/Resources/Prefabs/Panel/Player Info.prefab
  artifactKey: Guid(ebac0c942b777684eb63cc016b7eb761) Importer(815301076,1909f56bfc062723c751e8b465ee728b)
Start importing Assets/Resources/Prefabs/Panel/Player Info.prefab using Guid(ebac0c942b777684eb63cc016b7eb761) Importer(815301076,1909f56bfc062723c751e8b465ee728b)  -> (artifact id: 'cd17c029f38ce58f55fcd7aee3b91201') in 0.008591 seconds 
========================================================================
Received Import Request.
  Time since last request: 12.932143 seconds.
  path: Assets/Resources/Prefabs/Panel/Player Info.prefab
  artifactKey: Guid(ebac0c942b777684eb63cc016b7eb761) Importer(815301076,1909f56bfc062723c751e8b465ee728b)
Start importing Assets/Resources/Prefabs/Panel/Player Info.prefab using Guid(ebac0c942b777684eb63cc016b7eb761) Importer(815301076,1909f56bfc062723c751e8b465ee728b)  -> (artifact id: '3ec4de9b3a836e79018506863f23e1cf') in 0.010560 seconds 
========================================================================
Received Import Request.
  Time since last request: 17.664137 seconds.
  path: Assets/Resources/Prefabs/Panel/Player Info.prefab
  artifactKey: Guid(ebac0c942b777684eb63cc016b7eb761) Importer(815301076,1909f56bfc062723c751e8b465ee728b)
Start importing Assets/Resources/Prefabs/Panel/Player Info.prefab using Guid(ebac0c942b777684eb63cc016b7eb761) Importer(815301076,1909f56bfc062723c751e8b465ee728b)  -> (artifact id: '2759e402bf5d0040762a4294fed1771e') in 0.008822 seconds 
========================================================================
Received Import Request.
  Time since last request: 9.702822 seconds.
  path: Assets/Resources/Prefabs/Panel/Player Info.prefab
  artifactKey: Guid(ebac0c942b777684eb63cc016b7eb761) Importer(815301076,1909f56bfc062723c751e8b465ee728b)
Start importing Assets/Resources/Prefabs/Panel/Player Info.prefab using Guid(ebac0c942b777684eb63cc016b7eb761) Importer(815301076,1909f56bfc062723c751e8b465ee728b)  -> (artifact id: '29ec51b025d4863cc1ef72a4d82514ca') in 0.008240 seconds 
========================================================================
Received Import Request.
  Time since last request: 27.631865 seconds.
  path: Assets/Resources/Prefabs/Panel/Player Info.prefab
  artifactKey: Guid(ebac0c942b777684eb63cc016b7eb761) Importer(815301076,1909f56bfc062723c751e8b465ee728b)
Start importing Assets/Resources/Prefabs/Panel/Player Info.prefab using Guid(ebac0c942b777684eb63cc016b7eb761) Importer(815301076,1909f56bfc062723c751e8b465ee728b)  -> (artifact id: 'bc695d54f0d5e974dc482efc92b16c64') in 0.010520 seconds 
========================================================================
Received Import Request.
  Time since last request: 2.939362 seconds.
  path: Assets/Resources/Prefabs/Panel/Player Info.prefab
  artifactKey: Guid(ebac0c942b777684eb63cc016b7eb761) Importer(815301076,1909f56bfc062723c751e8b465ee728b)
Start importing Assets/Resources/Prefabs/Panel/Player Info.prefab using Guid(ebac0c942b777684eb63cc016b7eb761) Importer(815301076,1909f56bfc062723c751e8b465ee728b)  -> (artifact id: '30fc8426bb4805b0a9bdeaecf4c387d1') in 0.009222 seconds 
========================================================================
Received Import Request.
  Time since last request: 2.434201 seconds.
  path: Assets/Resources/Prefabs/Panel/Player Info.prefab
  artifactKey: Guid(ebac0c942b777684eb63cc016b7eb761) Importer(815301076,1909f56bfc062723c751e8b465ee728b)
Start importing Assets/Resources/Prefabs/Panel/Player Info.prefab using Guid(ebac0c942b777684eb63cc016b7eb761) Importer(815301076,1909f56bfc062723c751e8b465ee728b)  -> (artifact id: 'bf6bbf11b4e898ed9f1d525ab5a03acd') in 0.008449 seconds 
========================================================================
Received Import Request.
  Time since last request: 4.556524 seconds.
  path: Assets/Resources/Prefabs/Panel/Player Info.prefab
  artifactKey: Guid(ebac0c942b777684eb63cc016b7eb761) Importer(815301076,1909f56bfc062723c751e8b465ee728b)
Start importing Assets/Resources/Prefabs/Panel/Player Info.prefab using Guid(ebac0c942b777684eb63cc016b7eb761) Importer(815301076,1909f56bfc062723c751e8b465ee728b)  -> (artifact id: 'd538a0ad4c366d5b7611bfefca2bf36b') in 0.008780 seconds 
========================================================================
Received Import Request.
  Time since last request: 12.537776 seconds.
  path: Assets/Resources/Prefabs/Panel/Player Info.prefab
  artifactKey: Guid(ebac0c942b777684eb63cc016b7eb761) Importer(815301076,1909f56bfc062723c751e8b465ee728b)
Start importing Assets/Resources/Prefabs/Panel/Player Info.prefab using Guid(ebac0c942b777684eb63cc016b7eb761) Importer(815301076,1909f56bfc062723c751e8b465ee728b)  -> (artifact id: '1a321f361fbc89dfe485c3d082136206') in 0.008438 seconds 
========================================================================
Received Import Request.
  Time since last request: 8.741144 seconds.
  path: Assets/Resources/Prefabs/Panel/Player Info.prefab
  artifactKey: Guid(ebac0c942b777684eb63cc016b7eb761) Importer(815301076,1909f56bfc062723c751e8b465ee728b)
Start importing Assets/Resources/Prefabs/Panel/Player Info.prefab using Guid(ebac0c942b777684eb63cc016b7eb761) Importer(815301076,1909f56bfc062723c751e8b465ee728b)  -> (artifact id: '03b7f22e8e4af9c7d898835ea3ede48d') in 0.010377 seconds 
========================================================================
Received Import Request.
  Time since last request: 6.942619 seconds.
  path: Assets/Resources/Prefabs/Panel/Player Info.prefab
  artifactKey: Guid(ebac0c942b777684eb63cc016b7eb761) Importer(815301076,1909f56bfc062723c751e8b465ee728b)
Start importing Assets/Resources/Prefabs/Panel/Player Info.prefab using Guid(ebac0c942b777684eb63cc016b7eb761) Importer(815301076,1909f56bfc062723c751e8b465ee728b)  -> (artifact id: '3a3a0efc59d147d11caaf5e6c1838bbb') in 0.009459 seconds 
========================================================================
Received Import Request.
  Time since last request: 21.314452 seconds.
  path: Assets/Resources/Prefabs/Panel/Player Info.prefab
  artifactKey: Guid(ebac0c942b777684eb63cc016b7eb761) Importer(815301076,1909f56bfc062723c751e8b465ee728b)
Start importing Assets/Resources/Prefabs/Panel/Player Info.prefab using Guid(ebac0c942b777684eb63cc016b7eb761) Importer(815301076,1909f56bfc062723c751e8b465ee728b)  -> (artifact id: '19708219963700ec97ffa04c987d3772') in 0.009205 seconds 
========================================================================
Received Import Request.
  Time since last request: 4.097793 seconds.
  path: Assets/Resources/Prefabs/Panel/Player Info.prefab
  artifactKey: Guid(ebac0c942b777684eb63cc016b7eb761) Importer(815301076,1909f56bfc062723c751e8b465ee728b)
Start importing Assets/Resources/Prefabs/Panel/Player Info.prefab using Guid(ebac0c942b777684eb63cc016b7eb761) Importer(815301076,1909f56bfc062723c751e8b465ee728b)  -> (artifact id: '2fab2b6594101ffb9cc953d9d5e670b6') in 0.008943 seconds 
========================================================================
Received Import Request.
  Time since last request: 7.625248 seconds.
  path: Assets/Resources/Prefabs/Panel/Player Info.prefab
  artifactKey: Guid(ebac0c942b777684eb63cc016b7eb761) Importer(815301076,1909f56bfc062723c751e8b465ee728b)
Start importing Assets/Resources/Prefabs/Panel/Player Info.prefab using Guid(ebac0c942b777684eb63cc016b7eb761) Importer(815301076,1909f56bfc062723c751e8b465ee728b)  -> (artifact id: '87277dbbf399ca7b23ae7abff5cb9e65') in 0.009397 seconds 
========================================================================
Received Import Request.
  Time since last request: 4.228432 seconds.
  path: Assets/Resources/Prefabs/Panel/Player Info.prefab
  artifactKey: Guid(ebac0c942b777684eb63cc016b7eb761) Importer(815301076,1909f56bfc062723c751e8b465ee728b)
Start importing Assets/Resources/Prefabs/Panel/Player Info.prefab using Guid(ebac0c942b777684eb63cc016b7eb761) Importer(815301076,1909f56bfc062723c751e8b465ee728b)  -> (artifact id: '4b7e555874aff3bec1c4d5550b928721') in 0.009812 seconds 
========================================================================
Received Import Request.
  Time since last request: 9.837335 seconds.
  path: Assets/Resources/Prefabs/Panel/Player Info.prefab
  artifactKey: Guid(ebac0c942b777684eb63cc016b7eb761) Importer(815301076,1909f56bfc062723c751e8b465ee728b)
Start importing Assets/Resources/Prefabs/Panel/Player Info.prefab using Guid(ebac0c942b777684eb63cc016b7eb761) Importer(815301076,1909f56bfc062723c751e8b465ee728b)  -> (artifact id: '34e84e220bf811ea88824687a721c0ab') in 0.009671 seconds 
========================================================================
Received Prepare
Registering precompiled user dll's ...
Registered in 0.017632 seconds.
Begin MonoManager ReloadAssembly
Symbol file LoadedFromMemory doesn't match image E:\UnityProject\FSMTest\Library\PackageCache\com.unity.visualscripting@1.7.8\Editor\VisualScripting.Core\Dependencies\YamlDotNet\Unity.VisualScripting.YamlDotNet.dll
Symbol file LoadedFromMemory doesn't match image E:\UnityProject\FSMTest\Library\PackageCache\com.unity.visualscripting@1.7.8\Editor\VisualScripting.Core\Dependencies\DotNetZip\Unity.VisualScripting.IonicZip.dll
Native extension for WindowsStandalone target not found
Refreshing native plugins compatible for Editor in 0.83 ms, found 4 plugins.
Preloading 0 native plugins for Editor in 0.00 ms.
Mono: successfully reloaded assembly
- Completed reload, in  1.363 seconds
Domain Reload Profiling:
	ReloadAssembly (1363ms)
		BeginReloadAssembly (185ms)
			ExecutionOrderSort (0ms)
			DisableScriptedObjects (8ms)
			BackupInstance (0ms)
			ReleaseScriptingObjects (0ms)
			CreateAndSetChildDomain (48ms)
		EndReloadAssembly (1047ms)
			LoadAssemblies (138ms)
			RebuildTransferFunctionScriptingTraits (0ms)
			SetupTypeCache (349ms)
			ReleaseScriptCaches (2ms)
			RebuildScriptCaches (69ms)
			SetupLoadedEditorAssemblies (438ms)
				LogAssemblyErrors (0ms)
				InitializePlatformSupportModulesInManaged (13ms)
				SetLoadedEditorAssemblies (1ms)
				RefreshPlugins (1ms)
				BeforeProcessingInitializeOnLoad (86ms)
				ProcessInitializeOnLoadAttributes (274ms)
				ProcessInitializeOnLoadMethodAttributes (46ms)
				AfterProcessingInitializeOnLoad (17ms)
				EditorAssembliesLoaded (0ms)
			ExecutionOrderSort2 (0ms)
			AwakeInstancesAfterBackupRestoration (12ms)
Platform modules already initialized, skipping
Refreshing native plugins compatible for Editor in 4.97 ms, found 4 plugins.
Preloading 0 native plugins for Editor in 0.00 ms.
Unloading 4239 Unused Serialized files (Serialized files now loaded: 0)
Unloading 34 unused Assets / (267.5 KB). Loaded Objects now: 4745.
Memory consumption went from 162.9 MB to 162.7 MB.
Total: 3.300000 ms (FindLiveObjects: 0.275700 ms CreateObjectMapping: 0.213000 ms MarkObjects: 2.652700 ms  DeleteObjects: 0.157600 ms)

AssetImportParameters requested are different than current active one (requested -> active):
  custom:video-decoder-ogg-theora: a1e56fd34408186e4bbccfd4996cb3dc -> 
  custom:container-muxer-webm: aa71ff27fc2769a1b78a27578f13a17b -> 
  custom:container-demuxer-webm: 4f35f7cbe854078d1ac9338744f61a02 -> 
  custom:video-encoder-webm-vp8: eb34c28f22e8b96e1ab97ce403110664 -> 
  custom:video-codec-MediaFoundation-h265: 746d11721c4dcdbdad8f713fa42b33f4 -> 
  custom:audio-encoder-webm-vorbis: bf7c407c2cedff20999df2af8eb42d56 -> 
  custom:framework-win-MediaFoundation: 216162199b28c13a410421893ffa2e32 -> 
  custom:container-demuxer-ogg: 62fdf1f143b41e24485cea50d1cbac27 -> 
  custom:video-decoder-webm-vp8: 9c59270c3fd7afecdb556c50c9e8de78 -> 
  custom:audio-decoder-ogg-vorbis: bf7c407c2cedff20999df2af8eb42d56 -> 
========================================================================
Received Prepare
Registering precompiled user dll's ...
Registered in 0.024635 seconds.
Begin MonoManager ReloadAssembly
Symbol file LoadedFromMemory doesn't match image E:\UnityProject\FSMTest\Library\PackageCache\com.unity.visualscripting@1.7.8\Editor\VisualScripting.Core\Dependencies\YamlDotNet\Unity.VisualScripting.YamlDotNet.dll
Symbol file LoadedFromMemory doesn't match image E:\UnityProject\FSMTest\Library\PackageCache\com.unity.visualscripting@1.7.8\Editor\VisualScripting.Core\Dependencies\DotNetZip\Unity.VisualScripting.IonicZip.dll
Native extension for WindowsStandalone target not found
Refreshing native plugins compatible for Editor in 2.46 ms, found 4 plugins.
Preloading 0 native plugins for Editor in 0.00 ms.
Mono: successfully reloaded assembly
- Completed reload, in  2.393 seconds
Domain Reload Profiling:
	ReloadAssembly (2403ms)
		BeginReloadAssembly (529ms)
			ExecutionOrderSort (0ms)
			DisableScriptedObjects (26ms)
			BackupInstance (0ms)
			ReleaseScriptingObjects (0ms)
			CreateAndSetChildDomain (132ms)
		EndReloadAssembly (1588ms)
			LoadAssemblies (187ms)
			RebuildTransferFunctionScriptingTraits (25ms)
			SetupTypeCache (480ms)
			ReleaseScriptCaches (2ms)
			RebuildScriptCaches (60ms)
			SetupLoadedEditorAssemblies (721ms)
				LogAssemblyErrors (0ms)
				InitializePlatformSupportModulesInManaged (25ms)
				SetLoadedEditorAssemblies (3ms)
				RefreshPlugins (4ms)
				BeforeProcessingInitializeOnLoad (101ms)
				ProcessInitializeOnLoadAttributes (484ms)
				ProcessInitializeOnLoadMethodAttributes (82ms)
				AfterProcessingInitializeOnLoad (17ms)
				EditorAssembliesLoaded (5ms)
			ExecutionOrderSort2 (0ms)
			AwakeInstancesAfterBackupRestoration (56ms)
Platform modules already initialized, skipping
Refreshing native plugins compatible for Editor in 3.97 ms, found 4 plugins.
Preloading 0 native plugins for Editor in 0.00 ms.
Unloading 4239 Unused Serialized files (Serialized files now loaded: 0)
Unloading 34 unused Assets / (266.3 KB). Loaded Objects now: 4760.
Memory consumption went from 162.9 MB to 162.7 MB.
Total: 29.711800 ms (FindLiveObjects: 1.877000 ms CreateObjectMapping: 0.313600 ms MarkObjects: 24.767000 ms  DeleteObjects: 2.721600 ms)

AssetImportParameters requested are different than current active one (requested -> active):
  custom:video-decoder-ogg-theora: a1e56fd34408186e4bbccfd4996cb3dc -> 
  custom:container-muxer-webm: aa71ff27fc2769a1b78a27578f13a17b -> 
  custom:container-demuxer-webm: 4f35f7cbe854078d1ac9338744f61a02 -> 
  custom:video-encoder-webm-vp8: eb34c28f22e8b96e1ab97ce403110664 -> 
  custom:video-codec-MediaFoundation-h265: 746d11721c4dcdbdad8f713fa42b33f4 -> 
  custom:audio-encoder-webm-vorbis: bf7c407c2cedff20999df2af8eb42d56 -> 
  custom:framework-win-MediaFoundation: 216162199b28c13a410421893ffa2e32 -> 
  custom:container-demuxer-ogg: 62fdf1f143b41e24485cea50d1cbac27 -> 
  custom:video-decoder-webm-vp8: 9c59270c3fd7afecdb556c50c9e8de78 -> 
  custom:audio-decoder-ogg-vorbis: bf7c407c2cedff20999df2af8eb42d56 -> 
